{"C:\\Users\\golde\\project_team184\\src\\controller\\IInsightFacade.ts":{"path":"C:\\Users\\golde\\project_team184\\src\\controller\\IInsightFacade.ts","statementMap":{"0":{"start":{"line":2,"column":0},"end":{"line":2,"column":62}},"1":{"start":{"line":3,"column":0},"end":{"line":3,"column":113}},"2":{"start":{"line":5,"column":0},"end":{"line":8,"column":89}},"3":{"start":{"line":6,"column":4},"end":{"line":6,"column":48}},"4":{"start":{"line":7,"column":4},"end":{"line":7,"column":42}},"5":{"start":{"line":11,"column":8},"end":{"line":11,"column":23}},"6":{"start":{"line":12,"column":8},"end":{"line":12,"column":52}},"7":{"start":{"line":15,"column":0},"end":{"line":15,"column":36}},"8":{"start":{"line":18,"column":8},"end":{"line":18,"column":23}},"9":{"start":{"line":19,"column":8},"end":{"line":19,"column":53}},"10":{"start":{"line":22,"column":0},"end":{"line":22,"column":38}},"11":{"start":{"line":25,"column":8},"end":{"line":25,"column":23}},"12":{"start":{"line":26,"column":8},"end":{"line":26,"column":59}},"13":{"start":{"line":29,"column":0},"end":{"line":29,"column":50}}},"fnMap":{"0":{"name":"(anonymous_0)","decl":{"start":{"line":5,"column":1},"end":{"line":5,"column":2}},"loc":{"start":{"line":5,"column":31},"end":{"line":8,"column":1}},"line":5},"1":{"name":"(anonymous_1)","decl":{"start":{"line":10,"column":4},"end":{"line":10,"column":5}},"loc":{"start":{"line":10,"column":25},"end":{"line":13,"column":5}},"line":10},"2":{"name":"(anonymous_2)","decl":{"start":{"line":17,"column":4},"end":{"line":17,"column":5}},"loc":{"start":{"line":17,"column":25},"end":{"line":20,"column":5}},"line":17},"3":{"name":"(anonymous_3)","decl":{"start":{"line":24,"column":4},"end":{"line":24,"column":5}},"loc":{"start":{"line":24,"column":25},"end":{"line":27,"column":5}},"line":24}},"branchMap":{"0":{"loc":{"start":{"line":8,"column":24},"end":{"line":8,"column":87}},"type":"binary-expr","locations":[{"start":{"line":8,"column":24},"end":{"line":8,"column":50}},{"start":{"line":8,"column":55},"end":{"line":8,"column":86}}],"line":8}},"s":{"0":1,"1":1,"2":1,"3":1,"4":1,"5":0,"6":0,"7":1,"8":0,"9":0,"10":1,"11":0,"12":0,"13":1},"f":{"0":1,"1":0,"2":0,"3":0},"b":{"0":[1,1]},"inputSourceMap":{"version":3,"file":"C:/Users/golde/project_team184/src/controller/IInsightFacade.ts","sources":["C:/Users/golde/project_team184/src/controller/IInsightFacade.ts"],"names":[],"mappings":";;;AAOA,IAAY,kBAGX;AAHD,WAAY,kBAAkB;IAC7B,2CAAqB,CAAA;IACrB,qCAAe,CAAA;AAChB,CAAC,EAHW,kBAAkB,GAAlB,0BAAkB,KAAlB,0BAAkB,QAG7B;AAYD,MAAa,YAAa,SAAQ,KAAK;IACtC,YAAY,OAAgB;QAC3B,KAAK,CAAC,OAAO,CAAC,CAAC;QACf,KAAK,CAAC,iBAAiB,CAAC,IAAI,EAAE,YAAY,CAAC,CAAC;IAC7C,CAAC;CACD;AALD,oCAKC;AAED,MAAa,aAAc,SAAQ,KAAK;IACvC,YAAY,OAAgB;QAC3B,KAAK,CAAC,OAAO,CAAC,CAAC;QACf,KAAK,CAAC,iBAAiB,CAAC,IAAI,EAAE,aAAa,CAAC,CAAC;IAC9C,CAAC;CACD;AALD,sCAKC;AAED,MAAa,mBAAoB,SAAQ,KAAK;IAC7C,YAAY,OAAgB;QAC3B,KAAK,CAAC,OAAO,CAAC,CAAC;QACf,KAAK,CAAC,iBAAiB,CAAC,IAAI,EAAE,mBAAmB,CAAC,CAAC;IACpD,CAAC;CACD;AALD,kDAKC","sourcesContent":["/*\r\n * This is the primary high-level API for the project. In this folder there should be:\r\n * A class called InsightFacade, this should be in a file called InsightFacade.ts.\r\n * You should not change this interface at all or the test suite will not work.\r\n */\r\n\r\n\r\nexport enum InsightDatasetKind {\r\n\tSections = \"sections\",\r\n\tRooms = \"rooms\",\r\n}\r\n\r\nexport interface InsightDataset {\r\n\tid: string;\r\n\tkind: InsightDatasetKind;\r\n\tnumRows: number;\r\n}\r\n\r\nexport interface InsightResult {\r\n\t[key: string]: string | number;\r\n}\r\n\r\nexport class InsightError extends Error {\r\n\tconstructor(message?: string) {\r\n\t\tsuper(message);\r\n\t\tError.captureStackTrace(this, InsightError);\r\n\t}\r\n}\r\n\r\nexport class NotFoundError extends Error {\r\n\tconstructor(message?: string) {\r\n\t\tsuper(message);\r\n\t\tError.captureStackTrace(this, NotFoundError);\r\n\t}\r\n}\r\n\r\nexport class ResultTooLargeError extends Error {\r\n\tconstructor(message?: string) {\r\n\t\tsuper(message);\r\n\t\tError.captureStackTrace(this, ResultTooLargeError);\r\n\t}\r\n}\r\n\r\nexport interface IInsightFacade {\r\n\t/**\r\n\t * Add a dataset to insightUBC.\r\n\t *\r\n\t * @param id  The id of the dataset being added. Follows the format /^[^_]+$/\r\n\t * @param content  The base64 content of the dataset. This content should be in the form of a serialized zip file.\r\n\t * @param kind  The kind of the dataset\r\n\t *\r\n\t * @return Promise <string[]>\r\n\t *\r\n\t * The promise should fulfill on a successful add, reject for any failures.\r\n\t * The promise should fulfill with a string array,\r\n\t * containing the ids of all currently added datasets upon a successful add.\r\n\t * The promise should reject with an InsightError describing the error.\r\n\t *\r\n\t * An id is invalid if it contains an underscore, or is only whitespace characters.\r\n\t * If id is the same as the id of an already added dataset, the dataset should be rejected and not saved.\r\n\t *\r\n\t * After receiving the dataset, it should be processed into a data structure of\r\n\t * your design. The processed data structure should be persisted to disk; your\r\n\t * system should be able to load this persisted value into memory for answering\r\n\t * queries.\r\n\t *\r\n\t * Ultimately, a dataset must be added or loaded from disk before queries can\r\n\t * be successfully answered.\r\n\t */\r\n\taddDataset(id: string, content: string, kind: InsightDatasetKind): Promise<string[]>;\r\n\r\n\t/**\r\n\t * Remove a dataset from insightUBC.\r\n\t *\r\n\t * @param id  The id of the dataset to remove. Follows the format /^[^_]+$/\r\n\t *\r\n\t * @return Promise <string>\r\n\t *\r\n\t * The promise should fulfill upon a successful removal, reject on any error.\r\n\t * Attempting to remove a dataset that hasn't been added yet counts as an error.\r\n\t *\r\n\t * An id is invalid if it contains an underscore, or is only whitespace characters.\r\n\t *\r\n\t * The promise should fulfill the id of the dataset that was removed.\r\n\t * The promise should reject with a NotFoundError (if a valid id was not yet added)\r\n\t * or an InsightError (invalid id or any other source of failure) describing the error.\r\n\t *\r\n\t * This will delete both disk and memory caches for the dataset for the id meaning\r\n\t * that subsequent queries for that id should fail unless a new addDataset happens first.\r\n\t */\r\n\tremoveDataset(id: string): Promise<string>;\r\n\r\n\t/**\r\n\t * Perform a query on insightUBC.\r\n\t *\r\n\t * @param query  The query to be performed.\r\n\t *\r\n\t * If a query is incorrectly formatted, references a dataset not added (in memory or on disk),\r\n\t * or references multiple datasets, it should be rejected.\r\n\t *\r\n\t * @return Promise <InsightResult[]>\r\n\t *\r\n\t * The promise should fulfill with an array of results.\r\n\t * The promise should reject with a ResultTooLargeError (if the query returns too many results)\r\n\t * or an InsightError (for any other source of failure) describing the error.\r\n\t */\r\n\tperformQuery(query: unknown): Promise<InsightResult[]>;\r\n\r\n\t/**\r\n\t * List all currently added datasets, their types, and number of rows.\r\n\t *\r\n\t * @return Promise <InsightDataset[]>\r\n\t * The promise should fulfill an array of currently added InsightDatasets, and will only fulfill.\r\n\t */\r\n\tlistDatasets(): Promise<InsightDataset[]>;\r\n}\r\n"]},"_coverageSchema":"1a1c01bbd47fc00a2c39e90264f33305004495a9","hash":"4b6cc282a085b555ce683b83762e428aa747ef6c","contentHash":"f9e5c3c7c0a2c9ccd5e43a4891a6d263c993fb0ceb0d65d67159a94101db78b1"},"C:\\Users\\golde\\project_team184\\src\\controller\\InsightFacade.ts":{"path":"C:\\Users\\golde\\project_team184\\src\\controller\\InsightFacade.ts","statementMap":{"0":{"start":{"line":2,"column":22},"end":{"line":4,"column":1}},"1":{"start":{"line":3,"column":4},"end":{"line":3,"column":62}},"2":{"start":{"line":5,"column":0},"end":{"line":5,"column":62}},"3":{"start":{"line":6,"column":25},"end":{"line":6,"column":52}},"4":{"start":{"line":7,"column":27},"end":{"line":7,"column":73}},"5":{"start":{"line":8,"column":26},"end":{"line":8,"column":71}},"6":{"start":{"line":9,"column":23},"end":{"line":9,"column":65}},"7":{"start":{"line":10,"column":26},"end":{"line":10,"column":54}},"8":{"start":{"line":11,"column":16},"end":{"line":11,"column":49}},"9":{"start":{"line":12,"column":19},"end":{"line":12,"column":55}},"10":{"start":{"line":13,"column":23},"end":{"line":13,"column":48}},"11":{"start":{"line":14,"column":32},"end":{"line":14,"column":83}},"12":{"start":{"line":18,"column":8},"end":{"line":18,"column":27}},"13":{"start":{"line":19,"column":8},"end":{"line":19,"column":49}},"14":{"start":{"line":22,"column":8},"end":{"line":60,"column":11}},"15":{"start":{"line":23,"column":12},"end":{"line":25,"column":13}},"16":{"start":{"line":24,"column":16},"end":{"line":24,"column":72}},"17":{"start":{"line":26,"column":12},"end":{"line":28,"column":13}},"18":{"start":{"line":27,"column":16},"end":{"line":27,"column":74}},"19":{"start":{"line":30,"column":22},"end":{"line":30,"column":43}},"20":{"start":{"line":31,"column":12},"end":{"line":36,"column":13}},"21":{"start":{"line":32,"column":16},"end":{"line":32,"column":68}},"22":{"start":{"line":35,"column":16},"end":{"line":35,"column":74}},"23":{"start":{"line":37,"column":12},"end":{"line":59,"column":15}},"24":{"start":{"line":39,"column":16},"end":{"line":44,"column":17}},"25":{"start":{"line":40,"column":20},"end":{"line":40,"column":53}},"26":{"start":{"line":43,"column":20},"end":{"line":43,"column":56}},"27":{"start":{"line":46,"column":16},"end":{"line":46,"column":44}},"28":{"start":{"line":47,"column":36},"end":{"line":47,"column":59}},"29":{"start":{"line":48,"column":16},"end":{"line":50,"column":17}},"30":{"start":{"line":49,"column":20},"end":{"line":49,"column":55}},"31":{"start":{"line":51,"column":16},"end":{"line":55,"column":19}},"32":{"start":{"line":52,"column":20},"end":{"line":54,"column":21}},"33":{"start":{"line":53,"column":24},"end":{"line":53,"column":87}},"34":{"start":{"line":56,"column":16},"end":{"line":56,"column":52}},"35":{"start":{"line":58,"column":16},"end":{"line":58,"column":93}},"36":{"start":{"line":63,"column":8},"end":{"line":65,"column":9}},"37":{"start":{"line":64,"column":12},"end":{"line":64,"column":83}},"38":{"start":{"line":66,"column":8},"end":{"line":68,"column":9}},"39":{"start":{"line":67,"column":12},"end":{"line":67,"column":86}},"40":{"start":{"line":69,"column":8},"end":{"line":69,"column":33}},"41":{"start":{"line":70,"column":8},"end":{"line":70,"column":35}},"42":{"start":{"line":73,"column":8},"end":{"line":85,"column":9}},"43":{"start":{"line":74,"column":12},"end":{"line":76,"column":13}},"44":{"start":{"line":75,"column":16},"end":{"line":75,"column":82}},"45":{"start":{"line":78,"column":13},"end":{"line":85,"column":9}},"46":{"start":{"line":79,"column":12},"end":{"line":81,"column":13}},"47":{"start":{"line":80,"column":16},"end":{"line":80,"column":82}},"48":{"start":{"line":84,"column":12},"end":{"line":84,"column":105}},"49":{"start":{"line":86,"column":8},"end":{"line":86,"column":15}},"50":{"start":{"line":91,"column":29},"end":{"line":91,"column":114}},"51":{"start":{"line":92,"column":29},"end":{"line":93,"column":40}},"52":{"start":{"line":94,"column":8},"end":{"line":99,"column":9}},"53":{"start":{"line":95,"column":12},"end":{"line":95,"column":48}},"54":{"start":{"line":98,"column":12},"end":{"line":98,"column":70}},"55":{"start":{"line":100,"column":32},"end":{"line":100,"column":51}},"56":{"start":{"line":101,"column":8},"end":{"line":106,"column":9}},"57":{"start":{"line":102,"column":12},"end":{"line":102,"column":44}},"58":{"start":{"line":105,"column":12},"end":{"line":105,"column":76}},"59":{"start":{"line":107,"column":8},"end":{"line":115,"column":9}},"60":{"start":{"line":108,"column":12},"end":{"line":108,"column":69}},"61":{"start":{"line":110,"column":13},"end":{"line":115,"column":9}},"62":{"start":{"line":111,"column":12},"end":{"line":111,"column":66}},"63":{"start":{"line":114,"column":12},"end":{"line":114,"column":86}},"64":{"start":{"line":116,"column":30},"end":{"line":116,"column":32}},"65":{"start":{"line":117,"column":8},"end":{"line":125,"column":11}},"66":{"start":{"line":118,"column":12},"end":{"line":124,"column":13}},"67":{"start":{"line":119,"column":34},"end":{"line":122,"column":17}},"68":{"start":{"line":123,"column":16},"end":{"line":123,"column":50}},"69":{"start":{"line":126,"column":8},"end":{"line":128,"column":9}},"70":{"start":{"line":127,"column":12},"end":{"line":127,"column":94}},"71":{"start":{"line":129,"column":8},"end":{"line":129,"column":34}},"72":{"start":{"line":132,"column":8},"end":{"line":134,"column":9}},"73":{"start":{"line":133,"column":12},"end":{"line":133,"column":76}},"74":{"start":{"line":135,"column":8},"end":{"line":137,"column":9}},"75":{"start":{"line":136,"column":12},"end":{"line":136,"column":92}},"76":{"start":{"line":138,"column":8},"end":{"line":145,"column":9}},"77":{"start":{"line":139,"column":12},"end":{"line":144,"column":13}},"78":{"start":{"line":140,"column":16},"end":{"line":140,"column":23}},"79":{"start":{"line":143,"column":16},"end":{"line":143,"column":114}},"80":{"start":{"line":146,"column":8},"end":{"line":146,"column":15}},"81":{"start":{"line":149,"column":19},"end":{"line":149,"column":21}},"82":{"start":{"line":150,"column":8},"end":{"line":163,"column":9}},"83":{"start":{"line":151,"column":12},"end":{"line":155,"column":15}},"84":{"start":{"line":152,"column":16},"end":{"line":154,"column":17}},"85":{"start":{"line":153,"column":20},"end":{"line":153,"column":61}},"86":{"start":{"line":158,"column":12},"end":{"line":162,"column":15}},"87":{"start":{"line":159,"column":16},"end":{"line":161,"column":17}},"88":{"start":{"line":160,"column":20},"end":{"line":160,"column":55}},"89":{"start":{"line":164,"column":8},"end":{"line":164,"column":20}},"90":{"start":{"line":167,"column":25},"end":{"line":167,"column":30}},"91":{"start":{"line":168,"column":31},"end":{"line":168,"column":44}},"92":{"start":{"line":169,"column":8},"end":{"line":169,"column":37}},"93":{"start":{"line":170,"column":26},"end":{"line":170,"column":47}},"94":{"start":{"line":171,"column":19},"end":{"line":171,"column":31}},"95":{"start":{"line":172,"column":21},"end":{"line":172,"column":35}},"96":{"start":{"line":173,"column":8},"end":{"line":175,"column":9}},"97":{"start":{"line":174,"column":12},"end":{"line":174,"column":84}},"98":{"start":{"line":176,"column":19},"end":{"line":176,"column":21}},"99":{"start":{"line":177,"column":8},"end":{"line":177,"column":56}},"100":{"start":{"line":178,"column":8},"end":{"line":180,"column":9}},"101":{"start":{"line":179,"column":12},"end":{"line":179,"column":32}},"102":{"start":{"line":181,"column":8},"end":{"line":183,"column":9}},"103":{"start":{"line":182,"column":12},"end":{"line":182,"column":32}},"104":{"start":{"line":184,"column":8},"end":{"line":216,"column":11}},"105":{"start":{"line":185,"column":12},"end":{"line":215,"column":13}},"106":{"start":{"line":186,"column":39},"end":{"line":186,"column":53}},"107":{"start":{"line":189,"column":16},"end":{"line":197,"column":17}},"108":{"start":{"line":190,"column":20},"end":{"line":190,"column":40}},"109":{"start":{"line":192,"column":21},"end":{"line":197,"column":17}},"110":{"start":{"line":193,"column":20},"end":{"line":193,"column":91}},"111":{"start":{"line":196,"column":20},"end":{"line":196,"column":95}},"112":{"start":{"line":198,"column":16},"end":{"line":200,"column":17}},"113":{"start":{"line":199,"column":20},"end":{"line":199,"column":125}},"114":{"start":{"line":202,"column":40},"end":{"line":202,"column":56}},"115":{"start":{"line":203,"column":16},"end":{"line":203,"column":54}},"116":{"start":{"line":204,"column":16},"end":{"line":204,"column":128}},"117":{"start":{"line":205,"column":16},"end":{"line":207,"column":17}},"118":{"start":{"line":206,"column":20},"end":{"line":206,"column":91}},"119":{"start":{"line":208,"column":16},"end":{"line":210,"column":17}},"120":{"start":{"line":209,"column":20},"end":{"line":209,"column":93}},"121":{"start":{"line":211,"column":16},"end":{"line":211,"column":42}},"122":{"start":{"line":214,"column":16},"end":{"line":214,"column":35}},"123":{"start":{"line":219,"column":27},"end":{"line":225,"column":10}},"124":{"start":{"line":220,"column":12},"end":{"line":224,"column":14}},"125":{"start":{"line":226,"column":8},"end":{"line":226,"column":45}},"126":{"start":{"line":229,"column":0},"end":{"line":229,"column":32}}},"fnMap":{"0":{"name":"(anonymous_0)","decl":{"start":{"line":2,"column":56},"end":{"line":2,"column":57}},"loc":{"start":{"line":2,"column":71},"end":{"line":4,"column":1}},"line":2},"1":{"name":"(anonymous_1)","decl":{"start":{"line":17,"column":4},"end":{"line":17,"column":5}},"loc":{"start":{"line":17,"column":18},"end":{"line":20,"column":5}},"line":17},"2":{"name":"(anonymous_2)","decl":{"start":{"line":21,"column":4},"end":{"line":21,"column":5}},"loc":{"start":{"line":21,"column":34},"end":{"line":61,"column":5}},"line":21},"3":{"name":"(anonymous_3)","decl":{"start":{"line":22,"column":27},"end":{"line":22,"column":28}},"loc":{"start":{"line":22,"column":48},"end":{"line":60,"column":9}},"line":22},"4":{"name":"(anonymous_4)","decl":{"start":{"line":38,"column":22},"end":{"line":38,"column":23}},"loc":{"start":{"line":38,"column":28},"end":{"line":45,"column":13}},"line":38},"5":{"name":"(anonymous_5)","decl":{"start":{"line":45,"column":20},"end":{"line":45,"column":21}},"loc":{"start":{"line":45,"column":26},"end":{"line":57,"column":13}},"line":45},"6":{"name":"(anonymous_6)","decl":{"start":{"line":51,"column":86},"end":{"line":51,"column":87}},"loc":{"start":{"line":51,"column":95},"end":{"line":55,"column":17}},"line":51},"7":{"name":"(anonymous_7)","decl":{"start":{"line":57,"column":21},"end":{"line":57,"column":22}},"loc":{"start":{"line":57,"column":32},"end":{"line":59,"column":13}},"line":57},"8":{"name":"(anonymous_8)","decl":{"start":{"line":62,"column":4},"end":{"line":62,"column":5}},"loc":{"start":{"line":62,"column":22},"end":{"line":71,"column":5}},"line":62},"9":{"name":"(anonymous_9)","decl":{"start":{"line":72,"column":4},"end":{"line":72,"column":5}},"loc":{"start":{"line":72,"column":37},"end":{"line":87,"column":5}},"line":72},"10":{"name":"(anonymous_10)","decl":{"start":{"line":88,"column":4},"end":{"line":88,"column":5}},"loc":{"start":{"line":88,"column":18},"end":{"line":130,"column":5}},"line":88},"11":{"name":"(anonymous_11)","decl":{"start":{"line":117,"column":43},"end":{"line":117,"column":44}},"loc":{"start":{"line":117,"column":64},"end":{"line":125,"column":9}},"line":117},"12":{"name":"(anonymous_12)","decl":{"start":{"line":131,"column":4},"end":{"line":131,"column":5}},"loc":{"start":{"line":131,"column":28},"end":{"line":147,"column":5}},"line":131},"13":{"name":"(anonymous_13)","decl":{"start":{"line":148,"column":4},"end":{"line":148,"column":5}},"loc":{"start":{"line":148,"column":40},"end":{"line":165,"column":5}},"line":148},"14":{"name":"(anonymous_14)","decl":{"start":{"line":151,"column":49},"end":{"line":151,"column":50}},"loc":{"start":{"line":151,"column":63},"end":{"line":155,"column":13}},"line":151},"15":{"name":"(anonymous_15)","decl":{"start":{"line":158,"column":51},"end":{"line":158,"column":52}},"loc":{"start":{"line":158,"column":65},"end":{"line":162,"column":13}},"line":158},"16":{"name":"(anonymous_16)","decl":{"start":{"line":166,"column":4},"end":{"line":166,"column":5}},"loc":{"start":{"line":166,"column":24},"end":{"line":217,"column":5}},"line":166},"17":{"name":"(anonymous_17)","decl":{"start":{"line":184,"column":27},"end":{"line":184,"column":28}},"loc":{"start":{"line":184,"column":48},"end":{"line":216,"column":9}},"line":184},"18":{"name":"(anonymous_18)","decl":{"start":{"line":218,"column":4},"end":{"line":218,"column":5}},"loc":{"start":{"line":218,"column":19},"end":{"line":227,"column":5}},"line":218},"19":{"name":"(anonymous_19)","decl":{"start":{"line":219,"column":58},"end":{"line":219,"column":59}},"loc":{"start":{"line":219,"column":70},"end":{"line":225,"column":9}},"line":219}},"branchMap":{"0":{"loc":{"start":{"line":2,"column":22},"end":{"line":4,"column":1}},"type":"binary-expr","locations":[{"start":{"line":2,"column":23},"end":{"line":2,"column":27}},{"start":{"line":2,"column":31},"end":{"line":2,"column":51}},{"start":{"line":2,"column":56},"end":{"line":4,"column":1}}],"line":2},"1":{"loc":{"start":{"line":3,"column":11},"end":{"line":3,"column":61}},"type":"cond-expr","locations":[{"start":{"line":3,"column":37},"end":{"line":3,"column":40}},{"start":{"line":3,"column":43},"end":{"line":3,"column":61}}],"line":3},"2":{"loc":{"start":{"line":3,"column":12},"end":{"line":3,"column":33}},"type":"binary-expr","locations":[{"start":{"line":3,"column":12},"end":{"line":3,"column":15}},{"start":{"line":3,"column":19},"end":{"line":3,"column":33}}],"line":3},"3":{"loc":{"start":{"line":23,"column":12},"end":{"line":25,"column":13}},"type":"if","locations":[{"start":{"line":23,"column":12},"end":{"line":25,"column":13}},{"start":{"line":23,"column":12},"end":{"line":25,"column":13}}],"line":23},"4":{"loc":{"start":{"line":23,"column":16},"end":{"line":23,"column":74}},"type":"binary-expr","locations":[{"start":{"line":23,"column":16},"end":{"line":23,"column":33}},{"start":{"line":23,"column":37},"end":{"line":23,"column":55}},{"start":{"line":23,"column":59},"end":{"line":23,"column":74}}],"line":23},"5":{"loc":{"start":{"line":26,"column":12},"end":{"line":28,"column":13}},"type":"if","locations":[{"start":{"line":26,"column":12},"end":{"line":28,"column":13}},{"start":{"line":26,"column":12},"end":{"line":28,"column":13}}],"line":26},"6":{"loc":{"start":{"line":31,"column":12},"end":{"line":36,"column":13}},"type":"if","locations":[{"start":{"line":31,"column":12},"end":{"line":36,"column":13}},{"start":{"line":31,"column":12},"end":{"line":36,"column":13}}],"line":31},"7":{"loc":{"start":{"line":39,"column":16},"end":{"line":44,"column":17}},"type":"if","locations":[{"start":{"line":39,"column":16},"end":{"line":44,"column":17}},{"start":{"line":39,"column":16},"end":{"line":44,"column":17}}],"line":39},"8":{"loc":{"start":{"line":48,"column":16},"end":{"line":50,"column":17}},"type":"if","locations":[{"start":{"line":48,"column":16},"end":{"line":50,"column":17}},{"start":{"line":48,"column":16},"end":{"line":50,"column":17}}],"line":48},"9":{"loc":{"start":{"line":52,"column":20},"end":{"line":54,"column":21}},"type":"if","locations":[{"start":{"line":52,"column":20},"end":{"line":54,"column":21}},{"start":{"line":52,"column":20},"end":{"line":54,"column":21}}],"line":52},"10":{"loc":{"start":{"line":63,"column":8},"end":{"line":65,"column":9}},"type":"if","locations":[{"start":{"line":63,"column":8},"end":{"line":65,"column":9}},{"start":{"line":63,"column":8},"end":{"line":65,"column":9}}],"line":63},"11":{"loc":{"start":{"line":63,"column":12},"end":{"line":63,"column":70}},"type":"binary-expr","locations":[{"start":{"line":63,"column":12},"end":{"line":63,"column":29}},{"start":{"line":63,"column":33},"end":{"line":63,"column":51}},{"start":{"line":63,"column":55},"end":{"line":63,"column":70}}],"line":63},"12":{"loc":{"start":{"line":66,"column":8},"end":{"line":68,"column":9}},"type":"if","locations":[{"start":{"line":66,"column":8},"end":{"line":68,"column":9}},{"start":{"line":66,"column":8},"end":{"line":68,"column":9}}],"line":66},"13":{"loc":{"start":{"line":73,"column":8},"end":{"line":85,"column":9}},"type":"if","locations":[{"start":{"line":73,"column":8},"end":{"line":85,"column":9}},{"start":{"line":73,"column":8},"end":{"line":85,"column":9}}],"line":73},"14":{"loc":{"start":{"line":74,"column":12},"end":{"line":76,"column":13}},"type":"if","locations":[{"start":{"line":74,"column":12},"end":{"line":76,"column":13}},{"start":{"line":74,"column":12},"end":{"line":76,"column":13}}],"line":74},"15":{"loc":{"start":{"line":78,"column":13},"end":{"line":85,"column":9}},"type":"if","locations":[{"start":{"line":78,"column":13},"end":{"line":85,"column":9}},{"start":{"line":78,"column":13},"end":{"line":85,"column":9}}],"line":78},"16":{"loc":{"start":{"line":79,"column":12},"end":{"line":81,"column":13}},"type":"if","locations":[{"start":{"line":79,"column":12},"end":{"line":81,"column":13}},{"start":{"line":79,"column":12},"end":{"line":81,"column":13}}],"line":79},"17":{"loc":{"start":{"line":79,"column":16},"end":{"line":79,"column":66}},"type":"binary-expr","locations":[{"start":{"line":79,"column":16},"end":{"line":79,"column":40}},{"start":{"line":79,"column":44},"end":{"line":79,"column":66}}],"line":79},"18":{"loc":{"start":{"line":94,"column":8},"end":{"line":99,"column":9}},"type":"if","locations":[{"start":{"line":94,"column":8},"end":{"line":99,"column":9}},{"start":{"line":94,"column":8},"end":{"line":99,"column":9}}],"line":94},"19":{"loc":{"start":{"line":94,"column":12},"end":{"line":94,"column":109}},"type":"binary-expr","locations":[{"start":{"line":94,"column":12},"end":{"line":94,"column":33}},{"start":{"line":94,"column":37},"end":{"line":94,"column":73}},{"start":{"line":94,"column":77},"end":{"line":94,"column":109}}],"line":94},"20":{"loc":{"start":{"line":101,"column":8},"end":{"line":106,"column":9}},"type":"if","locations":[{"start":{"line":101,"column":8},"end":{"line":106,"column":9}},{"start":{"line":101,"column":8},"end":{"line":106,"column":9}}],"line":101},"21":{"loc":{"start":{"line":107,"column":8},"end":{"line":115,"column":9}},"type":"if","locations":[{"start":{"line":107,"column":8},"end":{"line":115,"column":9}},{"start":{"line":107,"column":8},"end":{"line":115,"column":9}}],"line":107},"22":{"loc":{"start":{"line":110,"column":13},"end":{"line":115,"column":9}},"type":"if","locations":[{"start":{"line":110,"column":13},"end":{"line":115,"column":9}},{"start":{"line":110,"column":13},"end":{"line":115,"column":9}}],"line":110},"23":{"loc":{"start":{"line":118,"column":12},"end":{"line":124,"column":13}},"type":"if","locations":[{"start":{"line":118,"column":12},"end":{"line":124,"column":13}},{"start":{"line":118,"column":12},"end":{"line":124,"column":13}}],"line":118},"24":{"loc":{"start":{"line":118,"column":16},"end":{"line":118,"column":115}},"type":"binary-expr","locations":[{"start":{"line":118,"column":16},"end":{"line":118,"column":62}},{"start":{"line":118,"column":66},"end":{"line":118,"column":115}}],"line":118},"25":{"loc":{"start":{"line":126,"column":8},"end":{"line":128,"column":9}},"type":"if","locations":[{"start":{"line":126,"column":8},"end":{"line":128,"column":9}},{"start":{"line":126,"column":8},"end":{"line":128,"column":9}}],"line":126},"26":{"loc":{"start":{"line":132,"column":8},"end":{"line":134,"column":9}},"type":"if","locations":[{"start":{"line":132,"column":8},"end":{"line":134,"column":9}},{"start":{"line":132,"column":8},"end":{"line":134,"column":9}}],"line":132},"27":{"loc":{"start":{"line":135,"column":8},"end":{"line":137,"column":9}},"type":"if","locations":[{"start":{"line":135,"column":8},"end":{"line":137,"column":9}},{"start":{"line":135,"column":8},"end":{"line":137,"column":9}}],"line":135},"28":{"loc":{"start":{"line":135,"column":12},"end":{"line":135,"column":48}},"type":"binary-expr","locations":[{"start":{"line":135,"column":12},"end":{"line":135,"column":27}},{"start":{"line":135,"column":31},"end":{"line":135,"column":48}}],"line":135},"29":{"loc":{"start":{"line":138,"column":8},"end":{"line":145,"column":9}},"type":"if","locations":[{"start":{"line":138,"column":8},"end":{"line":145,"column":9}},{"start":{"line":138,"column":8},"end":{"line":145,"column":9}}],"line":138},"30":{"loc":{"start":{"line":139,"column":12},"end":{"line":144,"column":13}},"type":"if","locations":[{"start":{"line":139,"column":12},"end":{"line":144,"column":13}},{"start":{"line":139,"column":12},"end":{"line":144,"column":13}}],"line":139},"31":{"loc":{"start":{"line":139,"column":16},"end":{"line":139,"column":78}},"type":"binary-expr","locations":[{"start":{"line":139,"column":16},"end":{"line":139,"column":50}},{"start":{"line":139,"column":54},"end":{"line":139,"column":78}}],"line":139},"32":{"loc":{"start":{"line":150,"column":8},"end":{"line":163,"column":9}},"type":"if","locations":[{"start":{"line":150,"column":8},"end":{"line":163,"column":9}},{"start":{"line":150,"column":8},"end":{"line":163,"column":9}}],"line":150},"33":{"loc":{"start":{"line":152,"column":16},"end":{"line":154,"column":17}},"type":"if","locations":[{"start":{"line":152,"column":16},"end":{"line":154,"column":17}},{"start":{"line":152,"column":16},"end":{"line":154,"column":17}}],"line":152},"34":{"loc":{"start":{"line":159,"column":16},"end":{"line":161,"column":17}},"type":"if","locations":[{"start":{"line":159,"column":16},"end":{"line":161,"column":17}},{"start":{"line":159,"column":16},"end":{"line":161,"column":17}}],"line":159},"35":{"loc":{"start":{"line":173,"column":8},"end":{"line":175,"column":9}},"type":"if","locations":[{"start":{"line":173,"column":8},"end":{"line":175,"column":9}},{"start":{"line":173,"column":8},"end":{"line":175,"column":9}}],"line":173},"36":{"loc":{"start":{"line":173,"column":12},"end":{"line":173,"column":77}},"type":"binary-expr","locations":[{"start":{"line":173,"column":12},"end":{"line":173,"column":15}},{"start":{"line":173,"column":19},"end":{"line":173,"column":36}},{"start":{"line":173,"column":40},"end":{"line":173,"column":58}},{"start":{"line":173,"column":62},"end":{"line":173,"column":77}}],"line":173},"37":{"loc":{"start":{"line":178,"column":8},"end":{"line":180,"column":9}},"type":"if","locations":[{"start":{"line":178,"column":8},"end":{"line":180,"column":9}},{"start":{"line":178,"column":8},"end":{"line":180,"column":9}}],"line":178},"38":{"loc":{"start":{"line":181,"column":8},"end":{"line":183,"column":9}},"type":"if","locations":[{"start":{"line":181,"column":8},"end":{"line":183,"column":9}},{"start":{"line":181,"column":8},"end":{"line":183,"column":9}}],"line":181},"39":{"loc":{"start":{"line":189,"column":16},"end":{"line":197,"column":17}},"type":"if","locations":[{"start":{"line":189,"column":16},"end":{"line":197,"column":17}},{"start":{"line":189,"column":16},"end":{"line":197,"column":17}}],"line":189},"40":{"loc":{"start":{"line":192,"column":21},"end":{"line":197,"column":17}},"type":"if","locations":[{"start":{"line":192,"column":21},"end":{"line":197,"column":17}},{"start":{"line":192,"column":21},"end":{"line":197,"column":17}}],"line":192},"41":{"loc":{"start":{"line":198,"column":16},"end":{"line":200,"column":17}},"type":"if","locations":[{"start":{"line":198,"column":16},"end":{"line":200,"column":17}},{"start":{"line":198,"column":16},"end":{"line":200,"column":17}}],"line":198},"42":{"loc":{"start":{"line":205,"column":16},"end":{"line":207,"column":17}},"type":"if","locations":[{"start":{"line":205,"column":16},"end":{"line":207,"column":17}},{"start":{"line":205,"column":16},"end":{"line":207,"column":17}}],"line":205},"43":{"loc":{"start":{"line":208,"column":16},"end":{"line":210,"column":17}},"type":"if","locations":[{"start":{"line":208,"column":16},"end":{"line":210,"column":17}},{"start":{"line":208,"column":16},"end":{"line":210,"column":17}}],"line":208}},"s":{"0":1,"1":6,"2":1,"3":1,"4":1,"5":1,"6":1,"7":1,"8":1,"9":1,"10":1,"11":1,"12":1,"13":1,"14":2,"15":2,"16":0,"17":2,"18":0,"19":2,"20":2,"21":1,"22":1,"23":2,"24":2,"25":1,"26":1,"27":2,"28":2,"29":2,"30":2,"31":2,"32":2,"33":0,"34":2,"35":0,"36":0,"37":0,"38":0,"39":0,"40":0,"41":0,"42":0,"43":0,"44":0,"45":0,"46":0,"47":0,"48":0,"49":0,"50":0,"51":0,"52":0,"53":0,"54":0,"55":0,"56":0,"57":0,"58":0,"59":0,"60":0,"61":0,"62":0,"63":0,"64":0,"65":0,"66":0,"67":0,"68":0,"69":0,"70":0,"71":0,"72":0,"73":0,"74":0,"75":0,"76":0,"77":0,"78":0,"79":0,"80":0,"81":0,"82":0,"83":0,"84":0,"85":0,"86":0,"87":0,"88":0,"89":0,"90":0,"91":0,"92":0,"93":0,"94":0,"95":0,"96":0,"97":0,"98":0,"99":0,"100":0,"101":0,"102":0,"103":0,"104":0,"105":0,"106":0,"107":0,"108":0,"109":0,"110":0,"111":0,"112":0,"113":0,"114":0,"115":0,"116":0,"117":0,"118":0,"119":0,"120":0,"121":0,"122":0,"123":0,"124":0,"125":0,"126":1},"f":{"0":6,"1":1,"2":2,"3":2,"4":2,"5":2,"6":2,"7":0,"8":0,"9":0,"10":0,"11":0,"12":0,"13":0,"14":0,"15":0,"16":0,"17":0,"18":0,"19":0},"b":{"0":[1,1,1],"1":[4,2],"2":[6,6],"3":[0,2],"4":[2,2,2],"5":[0,2],"6":[1,1],"7":[1,1],"8":[2,0],"9":[0,2],"10":[0,0],"11":[0,0,0],"12":[0,0],"13":[0,0],"14":[0,0],"15":[0,0],"16":[0,0],"17":[0,0],"18":[0,0],"19":[0,0,0],"20":[0,0],"21":[0,0],"22":[0,0],"23":[0,0],"24":[0,0],"25":[0,0],"26":[0,0],"27":[0,0],"28":[0,0],"29":[0,0],"30":[0,0],"31":[0,0],"32":[0,0],"33":[0,0],"34":[0,0],"35":[0,0],"36":[0,0,0,0],"37":[0,0],"38":[0,0],"39":[0,0],"40":[0,0],"41":[0,0],"42":[0,0],"43":[0,0]},"inputSourceMap":{"version":3,"file":"C:/Users/golde/project_team184/src/controller/InsightFacade.ts","sources":["C:/Users/golde/project_team184/src/controller/InsightFacade.ts"],"names":[],"mappings":";;;;;AAAA,qDAQ0B;AAC1B,0EAAkD;AAClD,wEAAgD;AAChD,kEAA0C;AAC1C,uDAAkD;AAClD,kDAA0B;AAC1B,wDAA0B;AAC1B,iDAA4C;AAC5C,oFAA4D;AAQ5D,MAAqB,aAAa;IACzB,QAAQ,CAAM;IACtB;QACC,IAAI,CAAC,QAAQ,GAAG,EAAE,CAAC;QAUnB,OAAO,CAAC,GAAG,CAAC,2BAA2B,CAAC,CAAC;IAC1C,CAAC;IAGM,UAAU,CAAC,EAAU,EAAE,OAAe,EAAE,IAAwB;QACtE,OAAO,IAAI,OAAO,CAAW,CAAC,OAAO,EAAE,MAAM,EAAE,EAAE;YAChD,IAAI,EAAE,CAAC,KAAK,CAAC,OAAO,CAAC,IAAI,EAAE,CAAC,MAAM,CAAC,GAAG,CAAC,GAAG,CAAC,IAAI,EAAE,CAAC,MAAM,KAAK,CAAC,EAAE;gBAC/D,MAAM,CAAC,IAAI,6BAAY,CAAC,YAAY,CAAC,CAAC,CAAC;aACvC;YACD,IAAI,IAAI,CAAC,QAAQ,CAAC,EAAE,CAAC,EAAE;gBACtB,MAAM,CAAC,IAAI,6BAAY,CAAC,cAAc,CAAC,CAAC,CAAC;aACzC;YACD,IAAI,OAAY,CAAC;YACjB,IAAI,GAAG,GAAG,IAAI,eAAK,EAAE,CAAC;YACtB,IAAI,IAAI,KAAK,mCAAkB,CAAC,KAAK,EAAE;gBACtC,OAAO,GAAG,IAAI,2BAAY,CAAC,EAAE,EAAE,IAAI,CAAC,CAAC;aACrC;iBAAM;gBACN,OAAO,GAAG,IAAI,iCAAe,CAAC,EAAE,EAAE,IAAI,CAAC,CAAC;aACxC;YACD,OAAO,GAAG,CAAC,SAAS,CAAC,OAAO,EAAE,EAAC,MAAM,EAAE,IAAI,EAAC,CAAC;iBAC3C,IAAI,CAAC,GAAG,EAAE;gBACV,IAAI,IAAI,KAAK,mCAAkB,CAAC,QAAQ,EAAE;oBACzC,OAAO,OAAO,CAAC,YAAY,CAAC,GAAG,CAAC,CAAC;iBACjC;qBAAM;oBACN,OAAO,OAAO,CAAC,eAAe,CAAC,GAAG,CAAC,CAAC;iBACpC;YACF,CAAC,CAAC,CAAC,IAAI,CAAC,GAAG,EAAE;gBACZ,IAAI,CAAC,QAAQ,CAAC,EAAE,CAAC,GAAG,OAAO,CAAC;gBAC5B,IAAI,aAAa,GAAG,IAAI,CAAC,SAAS,CAAC,OAAO,CAAC,CAAC;gBAC5C,IAAI,CAAC,kBAAE,CAAC,UAAU,CAAC,QAAQ,CAAC,EAAE;oBAC7B,kBAAE,CAAC,KAAK,CAAC,QAAQ,CAAC,CAAC;iBACnB;gBACD,kBAAE,CAAC,SAAS,CAAC,SAAS,GAAG,EAAE,GAAG,OAAO,EAAE,aAAa,EAAE,CAAC,GAAiB,EAAE,EAAE;oBAC3E,IAAI,GAAG,EAAE;wBACR,MAAM,CAAC,IAAI,6BAAY,CAAC,mBAAmB,CAAC,CAAC,CAAC;qBAC9C;gBACF,CAAC,CAAC,CAAC;gBAIH,OAAO,CAAC,MAAM,CAAC,IAAI,CAAC,IAAI,CAAC,QAAQ,CAAC,CAAC,CAAC;YACrC,CAAC,CAAC,CAAC,KAAK,CAAC,CAAC,KAAK,EAAE,EAAE;gBAClB,MAAM,CAAC,IAAI,6BAAY,CAAC,yBAAyB,GAAG,KAAK,CAAC,CAAC,CAAC;YAC7D,CAAC,CAAC,CAAC;QACL,CAAC,CAAC,CAAC;IACJ,CAAC;IAEM,aAAa,CAAC,EAAU;QAC9B,IAAI,EAAE,CAAC,KAAK,CAAC,OAAO,CAAC,IAAI,EAAE,CAAC,MAAM,CAAC,GAAG,CAAC,GAAG,CAAC,IAAI,EAAE,CAAC,MAAM,KAAK,CAAC,EAAE;YAC/D,OAAO,OAAO,CAAC,MAAM,CAAC,IAAI,6BAAY,CAAC,YAAY,CAAC,CAAC,CAAC;SACtD;QACD,IAAI,IAAI,CAAC,QAAQ,CAAC,EAAE,CAAC,KAAK,SAAS,EAAE;YACpC,OAAO,OAAO,CAAC,MAAM,CAAC,IAAI,8BAAa,CAAC,cAAc,CAAC,CAAC,CAAC;SACzD;QACD,OAAO,IAAI,CAAC,QAAQ,CAAC,EAAE,CAAC,CAAC;QACzB,OAAO,OAAO,CAAC,OAAO,CAAC,EAAE,CAAC,CAAC;IAC5B,CAAC;IAEM,eAAe,CAAC,eAAoB;QAC1C,IAAI,MAAM,CAAC,IAAI,CAAC,eAAe,CAAC,CAAC,MAAM,KAAK,CAAC,EAAE;YAC9C,IAAI,CAAC,eAAe,CAAC,OAAO,EAAE;gBAC7B,MAAM,IAAI,6BAAY,CAAC,wBAAwB,CAAC,CAAC;aACjD;SACD;aAAM,IAAI,MAAM,CAAC,IAAI,CAAC,eAAe,CAAC,CAAC,MAAM,KAAK,CAAC,EAAE;YACrD,IAAI,CAAC,eAAe,CAAC,OAAO,IAAI,CAAC,eAAe,CAAC,KAAK,EAAE;gBACvD,MAAM,IAAI,6BAAY,CAAC,wBAAwB,CAAC,CAAC;aACjD;SACD;aAAM;YACN,MAAM,IAAI,6BAAY,CAAC,mDAAmD,CAAC,CAAC;SAC5E;QACD,OAAO;IACR,CAAC;IAEM,MAAM,CAAC,KAAU;QACvB,IAAI,QAAgB,CAAC;QACrB,IAAI,SAA6B,CAAC;QAClC,MAAM,YAAY,GAAa,CAAC,MAAM,EAAC,IAAI,EAAC,OAAO,EAAC,YAAY,EAAC,MAAM,EAAC,MAAM,EAAC,KAAK,EAAC,MAAM,EAAC,MAAM,EAAC,OAAO,CAAC,CAAC;QAC5G,MAAM,YAAY,GAAa,CAAC,UAAU,EAAC,WAAW,EAAC,QAAQ,EAAC,MAAM,EAAC,SAAS,EAAC,KAAK,EAAC,KAAK,EAAC,OAAO;YACnG,MAAM,EAAC,WAAW,EAAC,MAAM,CAAC,CAAC;QAC5B,IAAG,KAAK,CAAC,OAAO,CAAC,OAAO,IAAI,KAAK,CAAC,OAAO,CAAC,KAAK,CAAC,OAAO,CAAC,OAAO,CAAC,IAAI,KAAK,CAAC,OAAO,CAAC,OAAO,CAAC,MAAM,GAAG,CAAC,EAAE;YACrG,QAAQ,GAAG,KAAK,CAAC,OAAO,CAAC,OAAO,CAAC,CAAC,CAAC,CAAC;SACpC;aAAM;YACN,MAAM,IAAI,6BAAY,CAAC,gBAAgB,CAAC,CAAC;SACzC;QACD,IAAI,iBAAiB,GAAa,QAAQ,CAAC,KAAK,CAAC,GAAG,CAAC,CAAC;QACtD,IAAI,iBAAiB,CAAC,MAAM,KAAK,CAAC,EAAE;YACnC,QAAQ,GAAG,iBAAiB,CAAC,CAAC,CAAC,CAAC;SAChC;aAAM;YACN,MAAM,IAAI,6BAAY,CAAC,sBAAsB,CAAC,CAAC;SAC/C;QACD,IAAI,YAAY,CAAC,QAAQ,CAAC,iBAAiB,CAAC,CAAC,CAAC,CAAC,EAAE;YAChD,SAAS,GAAG,mCAAkB,CAAC,QAAQ,CAAC;SACxC;aAAM,IAAI,YAAY,CAAC,QAAQ,CAAC,iBAAiB,CAAC,CAAC,CAAC,CAAC,EAAE;YACvD,SAAS,GAAG,mCAAkB,CAAC,KAAK,CAAC;SACrC;aAAM;YACN,MAAM,IAAI,6BAAY,CAAC,gCAAgC,CAAC,CAAC;SACzD;QACD,IAAI,eAAe,GAAmD,EAAE,CAAC;QACzE,MAAM,CAAC,IAAI,CAAC,IAAI,CAAC,QAAQ,CAAC,CAAC,OAAO,CAAC,CAAC,eAAoB,EAAE,EAAE;YAC3D,IAAI,IAAI,CAAC,QAAQ,CAAC,eAAe,CAAC,CAAC,EAAE,KAAK,QAAQ,IAAI,IAAI,CAAC,QAAQ,CAAC,eAAe,CAAC,CAAC,IAAI,KAAK,SAAS,EAAE;gBACxG,IAAI,WAAW,GAA4C;oBAC1D,EAAE,EAAE,IAAI,CAAC,QAAQ,CAAC,eAAe,CAAC,CAAC,EAAE;oBACrC,IAAI,EAAE,IAAI,CAAC,QAAQ,CAAC,eAAe,CAAC,CAAC,IAAI;iBACzC,CAAC;gBACF,eAAe,CAAC,IAAI,CAAC,WAAW,CAAC,CAAC;aAClC;QACF,CAAC,CAAC,CAAC;QACH,IAAI,eAAe,CAAC,MAAM,KAAK,CAAC,EAAE;YACjC,MAAM,IAAI,6BAAY,CAAC,wCAAwC,CAAC,CAAC;SACjE;QACD,OAAO,eAAe,CAAC,CAAC,CAAC,CAAC;IAC3B,CAAC;IAEM,aAAa,CAAE,QAAa;QAClC,IAAI,QAAQ,IAAI,IAAI,EAAE;YACrB,MAAM,IAAI,6BAAY,CAAC,sBAAsB,CAAC,CAAC;SAC/C;QACD,IAAI,CAAC,QAAQ,CAAC,KAAK,IAAI,CAAC,QAAQ,CAAC,OAAO,EAAE;YACzC,MAAM,IAAI,6BAAY,CAAC,sCAAsC,CAAC,CAAC;SAC/D;QACD,IAAI,MAAM,CAAC,IAAI,CAAC,QAAQ,CAAC,CAAC,MAAM,KAAK,CAAC,EAAE;YACvC,IAAI,MAAM,CAAC,IAAI,CAAC,QAAQ,CAAC,CAAC,MAAM,KAAK,CAAC,IAAI,QAAQ,CAAC,eAAe,EAAE;gBACnE,OAAO;aACP;iBAAM;gBACN,MAAM,IAAI,6BAAY,CAAC,wDAAwD,CAAC,CAAC;aACjF;SACD;QACD,OAAO;IACR,CAAC;IAEM,OAAO,CAAC,IAAwB,EAAE,gBAAqB,EAAE,EAAU;QACzE,IAAI,IAAI,GAAU,EAAE,CAAC;QACrB,IAAI,IAAI,KAAK,mCAAkB,CAAC,QAAQ,EAAE;YACzC,gBAAgB,CAAC,EAAE,CAAC,CAAC,OAAO,CAAC,OAAO,CAAC,CAAC,QAAa,EAAE,EAAE;gBACtD,IAAI,QAAQ,CAAC,UAAU,CAAC,CAAC,MAAM,GAAG,CAAC,EAAE;oBACpC,IAAI,GAAG,IAAI,CAAC,MAAM,CAAC,QAAQ,CAAC,UAAU,CAAC,CAAC,CAAC;iBACzC;YACF,CAAC,CAAC,CAAC;SACH;aAAM;YACN,gBAAgB,CAAC,EAAE,CAAC,CAAC,SAAS,CAAC,OAAO,CAAC,CAAC,QAAa,EAAE,EAAE;gBACxD,IAAI,QAAQ,CAAC,KAAK,CAAC,MAAM,GAAG,CAAC,EAAE;oBAC9B,IAAI,GAAG,IAAI,CAAC,MAAM,CAAC,QAAQ,CAAC,KAAK,CAAC,CAAC;iBACnC;YACF,CAAC,CAAC,CAAC;SACH;QACD,OAAO,IAAI,CAAC;IACb,CAAC;IAEM,YAAY,CAAC,KAAc;QACjC,MAAM,QAAQ,GAAQ,KAAK,CAAC;QAC5B,IAAI,gBAAgB,GAAQ,IAAI,CAAC,QAAQ,CAAC;QAC1C,IAAI,CAAC,aAAa,CAAC,QAAQ,CAAC,CAAC;QAC7B,MAAM,SAAS,GAA4C,IAAI,CAAC,MAAM,CAAC,QAAQ,CAAC,CAAC;QACjF,MAAM,EAAE,GAAW,SAAS,CAAC,EAAE,CAAC;QAChC,MAAM,IAAI,GAAuB,SAAS,CAAC,IAAI,CAAC;QAChD,IAAI,CAAC,EAAE,IAAI,EAAE,CAAC,KAAK,CAAC,OAAO,CAAC,IAAI,EAAE,CAAC,MAAM,CAAC,GAAG,CAAC,GAAG,CAAC,IAAI,EAAE,CAAC,MAAM,KAAK,CAAC,EAAE;YACtE,OAAO,OAAO,CAAC,MAAM,CAAC,IAAI,6BAAY,CAAC,aAAa,CAAC,CAAC,CAAC;SACvD;QACD,IAAI,IAAI,GAAU,EAAE,CAAC;QACrB,IAAI,GAAG,IAAI,CAAC,OAAO,CAAC,IAAI,EAAE,gBAAgB,EAAE,EAAE,CAAC,CAAC;QAChD,IAAI,IAAI,KAAK,mCAAkB,CAAC,KAAK,EAAE;YACtC,OAAO,CAAC,GAAG,CAAC,MAAM,CAAC,CAAC;SACpB;QACD,IAAI,IAAI,KAAK,mCAAkB,CAAC,QAAQ,EAAE;YACzC,OAAO,CAAC,GAAG,CAAC,MAAM,CAAC,CAAC;SACpB;QACD,OAAO,IAAI,OAAO,CAAkB,CAAC,OAAO,EAAE,MAAM,EAAE,EAAE;YACvD,IAAG;gBACF,MAAM,cAAc,GAAG,QAAQ,CAAC,KAAK,CAAC;gBACtC,IAAI,YAAiB,CAAC;gBACtB,IAAI,eAAoB,CAAC;gBACzB,IAAI,MAAM,CAAC,IAAI,CAAC,cAAc,CAAC,CAAC,MAAM,KAAK,CAAC,EAAE;oBAC7C,YAAY,GAAG,IAAI,CAAC;iBACpB;qBAAM,IAAI,MAAM,CAAC,IAAI,CAAC,cAAc,CAAC,CAAC,MAAM,KAAK,CAAC,EAAE;oBACpD,MAAM,IAAI,6BAAY,CAAC,6BAA6B,CAAC,CAAC;iBACtD;qBAAM;oBACN,YAAY,GAAG,IAAA,sBAAY,EAAC,cAAc,EAAE,IAAI,EAAE,EAAE,EAAE,IAAI,CAAC,CAAC;iBAC5D;gBACD,IAAI,QAAQ,CAAC,eAAe,EAAE;oBAC7B,eAAe,GAAG,IAAA,+BAAqB,EAAC,QAAQ,CAAC,eAAe,EAAC,YAAY,EAAC,EAAE,EAAC,IAAI,CAAC,CAAC;iBACvF;gBACD,IAAI,SAA0B,CAAC;gBAC/B,MAAM,eAAe,GAAG,QAAQ,CAAC,OAAO,CAAC;gBACzC,IAAI,CAAC,eAAe,CAAC,eAAe,CAAE,CAAC;gBACvC,SAAS,GAAG,IAAA,0BAAgB,EAAC,eAAe,EAAC,YAAY,EAAC,EAAE,EAAC,eAAe,EAAC,QAAQ,EAAC,IAAI,CAAC,CAAC;gBAC5F,IAAI,eAAe,CAAC,KAAK,EAAE;oBAC1B,SAAS,GAAG,IAAA,yBAAe,EAAC,eAAe,EAAC,SAAS,CAAC,CAAC;iBACvD;gBACD,IAAI,SAAS,CAAC,MAAM,GAAG,IAAI,EAAE;oBAC5B,MAAM,IAAI,oCAAmB,CAAC,wBAAwB,CAAC,CAAC;iBACxD;gBACD,OAAO,OAAO,CAAC,SAAS,CAAC,CAAC;aAC1B;YAAC,OAAO,GAAG,EAAE;gBACb,OAAO,MAAM,CAAC,GAAG,CAAC,CAAC;aACnB;QACF,CAAC,CAAC,CAAC;IACJ,CAAC;IAEM,YAAY;QAClB,IAAI,YAAY,GAAG,MAAM,CAAC,IAAI,CAAC,IAAI,CAAC,QAAQ,CAAC,CAAC,GAAG,CAAC,CAAC,MAAM,EAAE,EAAE;YAC5D,OAAO;gBACN,EAAE,EAAE,IAAI,CAAC,QAAQ,CAAC,MAAM,CAAC,CAAC,EAAE;gBAC5B,IAAI,EAAE,IAAI,CAAC,QAAQ,CAAC,MAAM,CAAC,CAAC,IAAI;gBAChC,OAAO,EAAE,IAAI,CAAC,QAAQ,CAAC,MAAM,CAAC,CAAC,OAAO;aACtC,CAAC;QACH,CAAC,CAAC,CAAC;QACH,OAAO,OAAO,CAAC,OAAO,CAAC,YAAY,CAAC,CAAC;IACtC,CAAC;CACD;AA7ND,gCA6NC","sourcesContent":["import {\r\n\tIInsightFacade,\r\n\tInsightDataset,\r\n\tInsightDatasetKind,\r\n\tInsightError,\r\n\tInsightResult,\r\n\tNotFoundError,\r\n\tResultTooLargeError\r\n} from \"./IInsightFacade\";\r\nimport optionController from \"./optionController\";\r\nimport orderController from \"./orderController\";\r\nimport processWhere from \"./processWhere\";\r\nimport {DatasetSections} from \"./DatasetSections\";\r\nimport JSZip from \"jszip\";\r\nimport fs from \"fs-extra\";\r\nimport {DatasetRooms} from \"./DatasetRooms\";\r\nimport processTransformation from \"./processTransformation\";\r\n\r\n\r\n/**\r\n * This is the main programmatic entry point for the project.\r\n * Method documentation is in IInsightFacade\r\n *\r\n */\r\nexport default class InsightFacade implements IInsightFacade {\r\n\tprivate datasets: any;\r\n\tconstructor() {\r\n\t\tthis.datasets = {};\r\n\t\t// if (fs.existsSync(\"./data\")) {\r\n\t\t// \tconst files = fs.readdirSync(\"./data\");\r\n\t\t// \tif (files.length > 0) {\r\n\t\t// \t\tfor (const file of files) {\r\n\t\t// \t\t\tconst dataset = fs.readJsonSync(\"./data/\" + file);\r\n\t\t// \t\t\tthis.datasets[dataset.id] = dataset;\r\n\t\t// \t\t}\r\n\t\t// \t}\r\n\t\t// }\r\n\t\tconsole.log(\"InsightFacadeImpl::init()\");\r\n\t}\r\n\r\n\r\n\tpublic addDataset(id: string, content: string, kind: InsightDatasetKind): Promise<string[]> {\r\n\t\treturn new Promise<string[]>((resolve, reject) => {\r\n\t\t\tif (id.match(/^\\s*$/) || id.search(\"_\") > 0 || id.length === 0) {\r\n\t\t\t\treject(new InsightError(\"Invalid ID\"));\r\n\t\t\t}\r\n\t\t\tif (this.datasets[id]) {\r\n\t\t\t\treject(new InsightError(\"Duplicate ID\"));\r\n\t\t\t}\r\n\t\t\tlet dataset: any;\r\n\t\t\tlet zip = new JSZip();\r\n\t\t\tif (kind === InsightDatasetKind.Rooms) {\r\n\t\t\t\tdataset = new DatasetRooms(id, kind);\r\n\t\t\t} else {\r\n\t\t\t\tdataset = new DatasetSections(id, kind);\r\n\t\t\t}\r\n\t\t\treturn zip.loadAsync(content, {base64: true})\r\n\t\t\t\t.then(() => {\r\n\t\t\t\t\tif (kind === InsightDatasetKind.Sections) {\r\n\t\t\t\t\t\treturn dataset.courseHelper(zip);\r\n\t\t\t\t\t} else {\r\n\t\t\t\t\t\treturn dataset.buildingsHelper(zip);\r\n\t\t\t\t\t}\r\n\t\t\t\t}).then(() => {\r\n\t\t\t\t\tthis.datasets[id] = dataset;\r\n\t\t\t\t\tlet datasetString = JSON.stringify(dataset);\r\n\t\t\t\t\tif (!fs.existsSync(\"./data\")) {\r\n\t\t\t\t\t\tfs.mkdir(\"./data\");\r\n\t\t\t\t\t}\r\n\t\t\t\t\tfs.writeFile(\"./data/\" + id + \".json\", datasetString, (err: InsightError) => {\r\n\t\t\t\t\t\tif (err) {\r\n\t\t\t\t\t\t\treject(new InsightError(\"Error adding file\"));\r\n\t\t\t\t\t\t}\r\n\t\t\t\t\t});\r\n\t\t\t\t\t// console.log(this.datasets);\r\n\t\t\t\t\t// let a = this.datasets.valid.buildings.filter((building: any) => building.rooms.length > 0);\r\n\t\t\t\t\t// console.log(a);\r\n\t\t\t\t\tresolve(Object.keys(this.datasets));\r\n\t\t\t\t}).catch((error) => { // implement writing file to disk\r\n\t\t\t\t\treject(new InsightError(\"Issue with writing file\" + error));\r\n\t\t\t\t});\r\n\t\t});\r\n\t}\r\n\r\n\tpublic removeDataset(id: string): Promise<string> {\r\n\t\tif (id.match(/^\\s*$/) || id.search(\"_\") > 0 || id.length === 0) {\r\n\t\t\treturn Promise.reject(new InsightError(\"Invalid ID\"));\r\n\t\t}\r\n\t\tif (this.datasets[id] === undefined) {\r\n\t\t\treturn Promise.reject(new NotFoundError(\"ID not found\"));\r\n\t\t}\r\n\t\tdelete this.datasets[id];\r\n\t\treturn Promise.resolve(id);\r\n\t}\r\n\r\n\tpublic validateOptions(optionStatement: any) {\r\n\t\tif (Object.keys(optionStatement).length === 1) {\r\n\t\t\tif (!optionStatement.COLUMNS) {\r\n\t\t\t\tthrow new InsightError(\"Invalid key in OPTIONS\");\r\n\t\t\t}\r\n\t\t} else if (Object.keys(optionStatement).length === 2) {\r\n\t\t\tif (!optionStatement.COLUMNS || !optionStatement.ORDER) {\r\n\t\t\t\tthrow new InsightError(\"Invalid key in OPTIONS\");\r\n\t\t\t}\r\n\t\t} else {\r\n\t\t\tthrow new InsightError(\"OPTIONS should only contain one or two statements\");\r\n\t\t}\r\n\t\treturn;\r\n\t}\r\n\r\n\tpublic findID(query: any): any {\r\n\t\tlet queryKey: string;\r\n\t\tlet queryType: InsightDatasetKind;\r\n\t\tconst validSFields: string[] = [\"uuid\",\"id\",\"title\",\"instructor\",\"dept\",\"year\",\"avg\",\"pass\",\"fail\",\"audit\"];\r\n\t\tconst validRFields: string[] = [\"fullname\",\"shortname\",\"number\",\"name\",\"address\",\"lat\",\"lon\",\"seats\",\r\n\t\t\t\"type\",\"furniture\",\"href\"];\r\n\t\tif(query.OPTIONS.COLUMNS && Array.isArray(query.OPTIONS.COLUMNS) && query.OPTIONS.COLUMNS.length > 0) {\r\n\t\t\tqueryKey = query.OPTIONS.COLUMNS[0];\r\n\t\t} else {\r\n\t\t\tthrow new InsightError(\"Invalid option\");\r\n\t\t}\r\n\t\tlet queryKeyIdAndType: string[] = queryKey.split(\"_\");\r\n\t\tif (queryKeyIdAndType.length === 2) {\r\n\t\t\tqueryKey = queryKeyIdAndType[0];\r\n\t\t} else {\r\n\t\t\tthrow new InsightError(\"Invalid key in query\");\r\n\t\t}\r\n\t\tif (validSFields.includes(queryKeyIdAndType[1])) {\r\n\t\t\tqueryType = InsightDatasetKind.Sections;\r\n\t\t} else if (validRFields.includes(queryKeyIdAndType[1])) {\r\n\t\t\tqueryType = InsightDatasetKind.Rooms;\r\n\t\t} else {\r\n\t\t\tthrow new InsightError(\"Invalid dataset type for query\");\r\n\t\t}\r\n\t\tlet filteredDataset: Array<{id: string; kind: InsightDatasetKind;}> = [];\r\n\t\tObject.keys(this.datasets).forEach((datasetIndicies: any) => {\r\n\t\t\tif (this.datasets[datasetIndicies].id === queryKey && this.datasets[datasetIndicies].kind === queryType) {\r\n\t\t\t\tlet queryObject: {id: string; kind: InsightDatasetKind;} = {\r\n\t\t\t\t\tid: this.datasets[datasetIndicies].id,\r\n\t\t\t\t\tkind: this.datasets[datasetIndicies].kind\r\n\t\t\t\t};\r\n\t\t\t\tfilteredDataset.push(queryObject);\r\n\t\t\t}\r\n\t\t});\r\n\t\tif (filteredDataset.length !== 1) {\r\n\t\t\tthrow new InsightError(\"The corresponding dataset is not added\");\r\n\t\t}\r\n\t\treturn filteredDataset[0];\r\n\t}\r\n\r\n\tpublic validateQuery (anyQuery: any) {\r\n\t\tif (anyQuery == null) {\r\n\t\t\tthrow new InsightError(\"Invalid query (null)\");\r\n\t\t}\r\n\t\tif (!anyQuery.WHERE || !anyQuery.OPTIONS) {\r\n\t\t\tthrow new InsightError(\"No WHERE / OPTION statement in query\");\r\n\t\t}\r\n\t\tif (Object.keys(anyQuery).length !== 2) {\r\n\t\t\tif (Object.keys(anyQuery).length === 3 && anyQuery.TRANSFORMATIONS) {\r\n\t\t\t\treturn;\r\n\t\t\t} else {\r\n\t\t\t\tthrow new InsightError(\"Query should contain two statements or Transformations\");\r\n\t\t\t}\r\n\t\t}\r\n\t\treturn;\r\n\t}\r\n\r\n\tpublic getData(kind: InsightDatasetKind, courseOrRoomData: any, id: string) {\r\n\t\tlet data: any[] = [];\r\n\t\tif (kind === InsightDatasetKind.Sections) {\r\n\t\t\tcourseOrRoomData[id].courses.forEach((eachData: any) => {\r\n\t\t\t\tif (eachData[\"sections\"].length > 0) {\r\n\t\t\t\t\tdata = data.concat(eachData[\"sections\"]);\r\n\t\t\t\t}\r\n\t\t\t});\r\n\t\t} else {\r\n\t\t\tcourseOrRoomData[id].buildings.forEach((eachData: any) => {\r\n\t\t\t\tif (eachData.rooms.length > 0) {\r\n\t\t\t\t\tdata = data.concat(eachData.rooms);\r\n\t\t\t\t}\r\n\t\t\t});\r\n\t\t}\r\n\t\treturn data;\r\n\t}\r\n\r\n\tpublic performQuery(query: unknown): Promise<InsightResult[]> {\r\n\t\tconst anyQuery: any = query;\r\n\t\tlet courseOrRoomData: any = this.datasets;\r\n\t\tthis.validateQuery(anyQuery);\r\n\t\tconst idAndType: {id: string; kind: InsightDatasetKind;} = this.findID(anyQuery);\r\n\t\tconst id: string = idAndType.id;\r\n\t\tconst kind: InsightDatasetKind = idAndType.kind;\r\n\t\tif (!id || id.match(/^\\s*$/) || id.search(\"_\") > 0 || id.length === 0) {\r\n\t\t\treturn Promise.reject(new InsightError(\"Invalid key\"));\r\n\t\t}\r\n\t\tlet data: any[] = [];\r\n\t\tdata = this.getData(kind, courseOrRoomData, id);\r\n\t\tif (kind === InsightDatasetKind.Rooms) {\r\n\t\t\tconsole.log(\"stop\");\r\n\t\t}\r\n\t\tif (kind === InsightDatasetKind.Sections) {\r\n\t\t\tconsole.log(\"stop\");\r\n\t\t}\r\n\t\treturn new Promise<InsightResult[]>((resolve, reject) => {\r\n\t\t\ttry{\r\n\t\t\t\tconst whereStatement = anyQuery.WHERE;\r\n\t\t\t\tlet filteredData: any;\r\n\t\t\t\tlet transformedData: any;\r\n\t\t\t\tif (Object.keys(whereStatement).length === 0) {\r\n\t\t\t\t\tfilteredData = data;\r\n\t\t\t\t} else if (Object.keys(whereStatement).length !== 1) {\r\n\t\t\t\t\tthrow new InsightError(\"WHERE can only have one key\");\r\n\t\t\t\t} else {\r\n\t\t\t\t\tfilteredData = processWhere(whereStatement, data, id, kind);\r\n\t\t\t\t}\r\n\t\t\t\tif (anyQuery.TRANSFORMATIONS) {\r\n\t\t\t\t\ttransformedData = processTransformation(anyQuery.TRANSFORMATIONS,filteredData,id,kind);\r\n\t\t\t\t}\r\n\t\t\t\tlet finalData: InsightResult[];\r\n\t\t\t\tconst optionStatement = anyQuery.OPTIONS;\r\n\t\t\t\tthis.validateOptions(optionStatement,);\r\n\t\t\t\tfinalData = optionController(optionStatement,filteredData,id,transformedData,anyQuery,kind);\r\n\t\t\t\tif (optionStatement.ORDER) {\r\n\t\t\t\t\tfinalData = orderController(optionStatement,finalData);\r\n\t\t\t\t}\r\n\t\t\t\tif (finalData.length > 5000) {\r\n\t\t\t\t\tthrow new ResultTooLargeError(\"More than 5000 results\");\r\n\t\t\t\t}\r\n\t\t\t\treturn resolve(finalData);\r\n\t\t\t} catch (err) {\r\n\t\t\t\treturn reject(err);\r\n\t\t\t}\r\n\t\t});\r\n\t}\r\n\r\n\tpublic listDatasets(): Promise<InsightDataset[]> {\r\n\t\tlet listedResult = Object.keys(this.datasets).map((eachID) => {\r\n\t\t\treturn {\r\n\t\t\t\tid: this.datasets[eachID].id,\r\n\t\t\t\tkind: this.datasets[eachID].kind,\r\n\t\t\t\tnumRows: this.datasets[eachID].numRows\r\n\t\t\t};\r\n\t\t});\r\n\t\treturn Promise.resolve(listedResult);\r\n\t}\r\n}\r\n"]},"_coverageSchema":"1a1c01bbd47fc00a2c39e90264f33305004495a9","hash":"cfdfc9c0c8a9052a884b51bd7a6d665d3fd2afd4","contentHash":"f39ec81420f52943bc334466e67d84816e399ecfb0c9fe5681fc9dbe18b85e20"},"C:\\Users\\golde\\project_team184\\src\\controller\\optionController.ts":{"path":"C:\\Users\\golde\\project_team184\\src\\controller\\optionController.ts","statementMap":{"0":{"start":{"line":2,"column":0},"end":{"line":2,"column":62}},"1":{"start":{"line":3,"column":25},"end":{"line":3,"column":52}},"2":{"start":{"line":5,"column":30},"end":{"line":5,"column":115}},"3":{"start":{"line":6,"column":28},"end":{"line":7,"column":36}},"4":{"start":{"line":8,"column":4},"end":{"line":53,"column":5}},"5":{"start":{"line":9,"column":24},"end":{"line":9,"column":26}},"6":{"start":{"line":10,"column":8},"end":{"line":12,"column":9}},"7":{"start":{"line":11,"column":12},"end":{"line":11,"column":52}},"8":{"start":{"line":13,"column":8},"end":{"line":18,"column":9}},"9":{"start":{"line":14,"column":26},"end":{"line":14,"column":62}},"10":{"start":{"line":15,"column":12},"end":{"line":17,"column":13}},"11":{"start":{"line":16,"column":16},"end":{"line":16,"column":81}},"12":{"start":{"line":19,"column":8},"end":{"line":32,"column":9}},"13":{"start":{"line":20,"column":27},"end":{"line":20,"column":63}},"14":{"start":{"line":21,"column":28},"end":{"line":21,"column":71}},"15":{"start":{"line":22,"column":12},"end":{"line":31,"column":13}},"16":{"start":{"line":23,"column":16},"end":{"line":25,"column":17}},"17":{"start":{"line":23,"column":56},"end":{"line":23,"column":76}},"18":{"start":{"line":24,"column":20},"end":{"line":24,"column":116}},"19":{"start":{"line":28,"column":16},"end":{"line":30,"column":17}},"20":{"start":{"line":28,"column":54},"end":{"line":28,"column":74}},"21":{"start":{"line":29,"column":20},"end":{"line":29,"column":112}},"22":{"start":{"line":35,"column":8},"end":{"line":39,"column":9}},"23":{"start":{"line":36,"column":12},"end":{"line":38,"column":13}},"24":{"start":{"line":37,"column":16},"end":{"line":37,"column":81}},"25":{"start":{"line":40,"column":8},"end":{"line":52,"column":9}},"26":{"start":{"line":41,"column":27},"end":{"line":41,"column":63}},"27":{"start":{"line":42,"column":12},"end":{"line":51,"column":13}},"28":{"start":{"line":43,"column":16},"end":{"line":45,"column":17}},"29":{"start":{"line":43,"column":56},"end":{"line":43,"column":76}},"30":{"start":{"line":44,"column":20},"end":{"line":44,"column":116}},"31":{"start":{"line":48,"column":16},"end":{"line":50,"column":17}},"32":{"start":{"line":48,"column":54},"end":{"line":48,"column":74}},"33":{"start":{"line":49,"column":20},"end":{"line":49,"column":112}},"34":{"start":{"line":54,"column":4},"end":{"line":54,"column":11}},"35":{"start":{"line":57,"column":4},"end":{"line":57,"column":46}},"36":{"start":{"line":58,"column":17},"end":{"line":58,"column":19}},"37":{"start":{"line":59,"column":25},"end":{"line":59,"column":45}},"38":{"start":{"line":60,"column":4},"end":{"line":91,"column":5}},"39":{"start":{"line":61,"column":24},"end":{"line":63,"column":10}},"40":{"start":{"line":62,"column":12},"end":{"line":62,"column":46}},"41":{"start":{"line":64,"column":24},"end":{"line":64,"column":54}},"42":{"start":{"line":65,"column":8},"end":{"line":78,"column":11}},"43":{"start":{"line":66,"column":30},"end":{"line":66,"column":32}},"44":{"start":{"line":67,"column":12},"end":{"line":76,"column":15}},"45":{"start":{"line":68,"column":16},"end":{"line":75,"column":17}},"46":{"start":{"line":69,"column":20},"end":{"line":69,"column":83}},"47":{"start":{"line":72,"column":34},"end":{"line":72,"column":58}},"48":{"start":{"line":73,"column":34},"end":{"line":73,"column":73}},"49":{"start":{"line":74,"column":20},"end":{"line":74,"column":52}},"50":{"start":{"line":77,"column":12},"end":{"line":77,"column":37}},"51":{"start":{"line":81,"column":8},"end":{"line":90,"column":9}},"52":{"start":{"line":82,"column":30},"end":{"line":82,"column":32}},"53":{"start":{"line":83,"column":12},"end":{"line":88,"column":13}},"54":{"start":{"line":83,"column":25},"end":{"line":83,"column":26}},"55":{"start":{"line":84,"column":30},"end":{"line":84,"column":60}},"56":{"start":{"line":85,"column":28},"end":{"line":85,"column":44}},"57":{"start":{"line":86,"column":30},"end":{"line":86,"column":49}},"58":{"start":{"line":87,"column":16},"end":{"line":87,"column":41}},"59":{"start":{"line":89,"column":12},"end":{"line":89,"column":37}},"60":{"start":{"line":92,"column":4},"end":{"line":92,"column":18}},"61":{"start":{"line":94,"column":0},"end":{"line":94,"column":35}}},"fnMap":{"0":{"name":"validateOption","decl":{"start":{"line":4,"column":9},"end":{"line":4,"column":23}},"loc":{"start":{"line":4,"column":51},"end":{"line":55,"column":1}},"line":4},"1":{"name":"(anonymous_1)","decl":{"start":{"line":23,"column":43},"end":{"line":23,"column":44}},"loc":{"start":{"line":23,"column":56},"end":{"line":23,"column":76}},"line":23},"2":{"name":"(anonymous_2)","decl":{"start":{"line":28,"column":41},"end":{"line":28,"column":42}},"loc":{"start":{"line":28,"column":54},"end":{"line":28,"column":74}},"line":28},"3":{"name":"(anonymous_3)","decl":{"start":{"line":43,"column":43},"end":{"line":43,"column":44}},"loc":{"start":{"line":43,"column":56},"end":{"line":43,"column":76}},"line":43},"4":{"name":"(anonymous_4)","decl":{"start":{"line":48,"column":41},"end":{"line":48,"column":42}},"loc":{"start":{"line":48,"column":54},"end":{"line":48,"column":74}},"line":48},"5":{"name":"optionController","decl":{"start":{"line":56,"column":9},"end":{"line":56,"column":25}},"loc":{"start":{"line":56,"column":76},"end":{"line":93,"column":1}},"line":56},"6":{"name":"(anonymous_6)","decl":{"start":{"line":61,"column":59},"end":{"line":61,"column":60}},"loc":{"start":{"line":61,"column":75},"end":{"line":63,"column":9}},"line":61},"7":{"name":"(anonymous_7)","decl":{"start":{"line":65,"column":45},"end":{"line":65,"column":46}},"loc":{"start":{"line":65,"column":58},"end":{"line":78,"column":9}},"line":65},"8":{"name":"(anonymous_8)","decl":{"start":{"line":67,"column":34},"end":{"line":67,"column":35}},"loc":{"start":{"line":67,"column":50},"end":{"line":76,"column":13}},"line":67}},"branchMap":{"0":{"loc":{"start":{"line":8,"column":4},"end":{"line":53,"column":5}},"type":"if","locations":[{"start":{"line":8,"column":4},"end":{"line":53,"column":5}},{"start":{"line":8,"column":4},"end":{"line":53,"column":5}}],"line":8},"1":{"loc":{"start":{"line":15,"column":12},"end":{"line":17,"column":13}},"type":"if","locations":[{"start":{"line":15,"column":12},"end":{"line":17,"column":13}},{"start":{"line":15,"column":12},"end":{"line":17,"column":13}}],"line":15},"2":{"loc":{"start":{"line":15,"column":16},"end":{"line":15,"column":77}},"type":"binary-expr","locations":[{"start":{"line":15,"column":16},"end":{"line":15,"column":30}},{"start":{"line":15,"column":34},"end":{"line":15,"column":77}}],"line":15},"3":{"loc":{"start":{"line":22,"column":12},"end":{"line":31,"column":13}},"type":"if","locations":[{"start":{"line":22,"column":12},"end":{"line":31,"column":13}},{"start":{"line":22,"column":12},"end":{"line":31,"column":13}}],"line":22},"4":{"loc":{"start":{"line":23,"column":16},"end":{"line":25,"column":17}},"type":"if","locations":[{"start":{"line":23,"column":16},"end":{"line":25,"column":17}},{"start":{"line":23,"column":16},"end":{"line":25,"column":17}}],"line":23},"5":{"loc":{"start":{"line":23,"column":20},"end":{"line":23,"column":104}},"type":"binary-expr","locations":[{"start":{"line":23,"column":20},"end":{"line":23,"column":91}},{"start":{"line":23,"column":95},"end":{"line":23,"column":104}}],"line":23},"6":{"loc":{"start":{"line":28,"column":16},"end":{"line":30,"column":17}},"type":"if","locations":[{"start":{"line":28,"column":16},"end":{"line":30,"column":17}},{"start":{"line":28,"column":16},"end":{"line":30,"column":17}}],"line":28},"7":{"loc":{"start":{"line":28,"column":20},"end":{"line":28,"column":102}},"type":"binary-expr","locations":[{"start":{"line":28,"column":20},"end":{"line":28,"column":89}},{"start":{"line":28,"column":93},"end":{"line":28,"column":102}}],"line":28},"8":{"loc":{"start":{"line":36,"column":12},"end":{"line":38,"column":13}},"type":"if","locations":[{"start":{"line":36,"column":12},"end":{"line":38,"column":13}},{"start":{"line":36,"column":12},"end":{"line":38,"column":13}}],"line":36},"9":{"loc":{"start":{"line":42,"column":12},"end":{"line":51,"column":13}},"type":"if","locations":[{"start":{"line":42,"column":12},"end":{"line":51,"column":13}},{"start":{"line":42,"column":12},"end":{"line":51,"column":13}}],"line":42},"10":{"loc":{"start":{"line":43,"column":16},"end":{"line":45,"column":17}},"type":"if","locations":[{"start":{"line":43,"column":16},"end":{"line":45,"column":17}},{"start":{"line":43,"column":16},"end":{"line":45,"column":17}}],"line":43},"11":{"loc":{"start":{"line":48,"column":16},"end":{"line":50,"column":17}},"type":"if","locations":[{"start":{"line":48,"column":16},"end":{"line":50,"column":17}},{"start":{"line":48,"column":16},"end":{"line":50,"column":17}}],"line":48},"12":{"loc":{"start":{"line":60,"column":4},"end":{"line":91,"column":5}},"type":"if","locations":[{"start":{"line":60,"column":4},"end":{"line":91,"column":5}},{"start":{"line":60,"column":4},"end":{"line":91,"column":5}}],"line":60},"13":{"loc":{"start":{"line":60,"column":8},"end":{"line":60,"column":55}},"type":"binary-expr","locations":[{"start":{"line":60,"column":8},"end":{"line":60,"column":23}},{"start":{"line":60,"column":27},"end":{"line":60,"column":55}}],"line":60},"14":{"loc":{"start":{"line":68,"column":16},"end":{"line":75,"column":17}},"type":"if","locations":[{"start":{"line":68,"column":16},"end":{"line":75,"column":17}},{"start":{"line":68,"column":16},"end":{"line":75,"column":17}}],"line":68}},"s":{"0":1,"1":1,"2":0,"3":0,"4":0,"5":0,"6":0,"7":0,"8":0,"9":0,"10":0,"11":0,"12":0,"13":0,"14":0,"15":0,"16":0,"17":0,"18":0,"19":0,"20":0,"21":0,"22":0,"23":0,"24":0,"25":0,"26":0,"27":0,"28":0,"29":0,"30":0,"31":0,"32":0,"33":0,"34":0,"35":0,"36":0,"37":0,"38":0,"39":0,"40":0,"41":0,"42":0,"43":0,"44":0,"45":0,"46":0,"47":0,"48":0,"49":0,"50":0,"51":0,"52":0,"53":0,"54":0,"55":0,"56":0,"57":0,"58":0,"59":0,"60":0,"61":1},"f":{"0":0,"1":0,"2":0,"3":0,"4":0,"5":0,"6":0,"7":0,"8":0},"b":{"0":[0,0],"1":[0,0],"2":[0,0],"3":[0,0],"4":[0,0],"5":[0,0],"6":[0,0],"7":[0,0],"8":[0,0],"9":[0,0],"10":[0,0],"11":[0,0],"12":[0,0],"13":[0,0],"14":[0,0]},"inputSourceMap":{"version":3,"file":"C:/Users/golde/project_team184/src/controller/optionController.ts","sources":["C:/Users/golde/project_team184/src/controller/optionController.ts"],"names":[],"mappings":";;AACA,qDAAiF;AAEjF,SAAS,cAAc,CAAC,KAAU,EAAE,QAAa,EAAE,EAAU,EAAE,IAAwB;IACtF,MAAM,iBAAiB,GAAa,CAAC,MAAM,EAAC,IAAI,EAAC,OAAO,EAAC,YAAY,EAAC,MAAM,EAAC,MAAM,EAAC,KAAK,EAAC,MAAM,EAAC,MAAM,EAAC,OAAO,CAAC,CAAC;IACjH,MAAM,eAAe,GAAa,CAAC,WAAW,EAAE,UAAU,EAAE,QAAQ,EAAE,MAAM,EAAE,SAAS,EAAE,KAAK,EAAE,KAAK,EAAE,OAAO;QAC7G,MAAM,EAAE,WAAW,EAAE,MAAM,CAAC,CAAC;IAC9B,IAAI,QAAQ,CAAC,eAAe,EAAE;QAC7B,IAAI,SAAS,GAAG,EAAE,CAAC;QACnB,KAAK,IAAI,OAAO,IAAI,QAAQ,CAAC,eAAe,CAAC,KAAK,EAAE;YACnD,SAAS,CAAC,IAAI,CAAC,MAAM,CAAC,IAAI,CAAC,OAAO,CAAC,CAAC,CAAC,CAAC,CAAC,CAAC;SACxC;QACD,KAAK,MAAM,OAAO,IAAI,KAAK,CAAC,OAAO,EAAE;YACpC,IAAI,OAAO,GAAG,KAAK,CAAC,OAAO,CAAC,OAAO,CAAC,CAAC,KAAK,CAAC,GAAG,CAAC,CAAC,CAAC,CAAC,CAAC;YACnD,IAAI,OAAO,KAAK,EAAE,IAAI,CAAC,SAAS,CAAC,QAAQ,CAAC,KAAK,CAAC,OAAO,CAAC,OAAO,CAAC,CAAC,EAAE;gBAClE,MAAM,IAAI,6BAAY,CAAC,uBAAuB,CAAC,CAAC;aAChD;SACD;QACD,KAAK,MAAM,OAAO,IAAI,KAAK,CAAC,OAAO,EAAE;YACpC,IAAI,QAAQ,GAAG,KAAK,CAAC,OAAO,CAAC,OAAO,CAAC,CAAC,KAAK,CAAC,GAAG,CAAC,CAAC,CAAC,CAAC,CAAC;YACpD,IAAI,SAAS,GAAG,CAAC,SAAS,CAAC,QAAQ,CAAC,KAAK,CAAC,OAAO,CAAC,OAAO,CAAC,CAAC,CAAC;YAC5D,IAAI,IAAI,KAAK,mCAAkB,CAAC,QAAQ,EAAE;gBACzC,IAAI,iBAAiB,CAAC,IAAI,CAAC,CAAC,OAAO,EAAE,EAAE,CAAC,OAAO,KAAK,QAAQ,CAAC,KAAK,SAAS,IAAI,SAAS,EAAE;oBACzF,MAAM,IAAI,6BAAY,CAAC,sDAAsD,CAAC,CAAC;iBAC/E;aACD;iBAAM;gBACN,IAAI,eAAe,CAAC,IAAI,CAAC,CAAC,OAAO,EAAE,EAAE,CAAC,OAAO,KAAK,QAAQ,CAAC,KAAK,SAAS,IAAI,SAAS,EAAE;oBACvF,MAAM,IAAI,6BAAY,CAAC,kDAAkD,CAAC,CAAC;iBAC3E;aACD;SAID;KACD;SAAM;QACN,KAAK,MAAM,OAAO,IAAI,KAAK,CAAC,OAAO,EAAE;YACpC,IAAI,KAAK,CAAC,OAAO,CAAC,OAAO,CAAC,CAAC,KAAK,CAAC,GAAG,CAAC,CAAC,CAAC,CAAC,KAAK,EAAE,EAAE;gBAChD,MAAM,IAAI,6BAAY,CAAC,uBAAuB,CAAC,CAAC;aAChD;SACD;QACD,KAAK,MAAM,OAAO,IAAI,KAAK,CAAC,OAAO,EAAE;YACpC,IAAI,QAAQ,GAAG,KAAK,CAAC,OAAO,CAAC,OAAO,CAAC,CAAC,KAAK,CAAC,GAAG,CAAC,CAAC,CAAC,CAAC,CAAC;YACpD,IAAI,IAAI,KAAK,mCAAkB,CAAC,QAAQ,EAAE;gBACzC,IAAI,iBAAiB,CAAC,IAAI,CAAC,CAAC,OAAO,EAAE,EAAE,CAAC,OAAO,KAAK,QAAQ,CAAC,KAAK,SAAS,EAAE;oBAC5E,MAAM,IAAI,6BAAY,CAAC,sDAAsD,CAAC,CAAC;iBAC/E;aACD;iBAAM;gBACN,IAAI,eAAe,CAAC,IAAI,CAAC,CAAC,OAAO,EAAE,EAAE,CAAC,OAAO,KAAK,QAAQ,CAAC,KAAK,SAAS,EAAE;oBAC1E,MAAM,IAAI,6BAAY,CAAC,kDAAkD,CAAC,CAAC;iBAC3E;aACD;SAED;KACD;IACD,OAAO;AACR,CAAC;AACD,SAAS,gBAAgB,CAAC,KAAU,EAAC,IAAS,EAAC,EAAU,EAAC,eAAoB,EAAE,QAAa,EACrF,IAAwB;IAC/B,cAAc,CAAC,KAAK,EAAE,QAAQ,EAAE,EAAE,EAAE,IAAI,CAAC,CAAC;IAC1C,IAAI,MAAM,GAAoB,EAAE,CAAC;IACjC,IAAI,cAAc,GAAG,KAAK,CAAC,OAAO,CAAC,MAAM,CAAC;IAC1C,IAAI,eAAe,IAAI,KAAK,CAAC,OAAO,CAAC,KAAK,CAAC,OAAO,CAAC,EAAE;QACpD,IAAI,SAAS,GAAG,QAAQ,CAAC,eAAe,CAAC,KAAK,CAAC,GAAG,CAAC,CAAC,UAAe,EAAE,EAAE;YACtE,OAAO,MAAM,CAAC,IAAI,CAAC,UAAU,CAAC,CAAC,CAAC,CAAC,CAAC;QACnC,CAAC,CAAC,CAAC;QACH,IAAI,SAAS,GAAG,QAAQ,CAAC,eAAe,CAAC,KAAK,CAAC;QAC/C,MAAM,CAAC,IAAI,CAAC,eAAe,CAAC,CAAC,OAAO,CAAC,CAAC,OAAe,EAAE,EAAE;YACxD,IAAI,WAAW,GAAkB,EAAE,CAAC;YACpC,KAAK,CAAC,OAAO,CAAC,OAAO,CAAC,CAAC,UAAkB,EAAE,EAAE;gBAC5C,IAAI,SAAS,CAAC,QAAQ,CAAC,UAAU,CAAC,EAAE;oBACnC,WAAW,CAAC,UAAU,CAAC,GAAG,eAAe,CAAC,OAAO,CAAC,CAAC,UAAU,CAAC,CAAC;iBAC/D;qBAAM;oBACN,MAAM,KAAK,GAAG,UAAU,CAAC,KAAK,CAAC,GAAG,CAAC,CAAC,CAAC,CAAC,CAAC;oBACvC,MAAM,KAAK,GAAG,eAAe,CAAC,OAAO,CAAC,CAAC,IAAI,CAAC,CAAC,CAAC,CAAC,KAAK,CAAC,CAAC;oBACtD,WAAW,CAAC,UAAU,CAAC,GAAG,KAAK,CAAC;iBAChC;YACF,CAAC,CAAC,CAAC;YACH,MAAM,CAAC,IAAI,CAAC,WAAW,CAAC,CAAC;QAC1B,CAAC,CAAC,CAAC;KACH;SAAM;QACN,KAAK,IAAI,YAAY,IAAI,IAAI,EAAE;YAC9B,IAAI,WAAW,GAAkB,EAAE,CAAC;YACpC,KAAI,IAAI,CAAC,GAAG,CAAC,EAAE,CAAC,GAAG,cAAc,EAAE,CAAC,EAAE,EAAC;gBACtC,MAAM,KAAK,GAAG,KAAK,CAAC,OAAO,CAAC,CAAC,CAAC,CAAC,KAAK,CAAC,GAAG,CAAC,CAAC,CAAC,CAAC,CAAC;gBAC7C,MAAM,GAAG,GAAG,KAAK,CAAC,OAAO,CAAC,CAAC,CAAC,CAAC;gBAC7B,MAAM,KAAK,GAAG,YAAY,CAAC,KAAK,CAAC,CAAC;gBAClC,WAAW,CAAC,GAAG,CAAC,GAAG,KAAK,CAAC;aACzB;YACD,MAAM,CAAC,IAAI,CAAC,WAAW,CAAC,CAAC;SACzB;KACD;IACD,OAAO,MAAM,CAAC;AACf,CAAC;AAED,kBAAe,gBAAgB,CAAC","sourcesContent":["import InsightFacade from \"./InsightFacade\";\r\nimport {InsightDatasetKind, InsightError, InsightResult} from \"./IInsightFacade\";\r\n\r\nfunction validateOption(query: any, anyQuery: any, id: string, kind: InsightDatasetKind) {\r\n\tconst validCourseFields: string[] = [\"uuid\",\"id\",\"title\",\"instructor\",\"dept\",\"year\",\"avg\",\"pass\",\"fail\",\"audit\"];\r\n\tconst validRoomFields: string[] = [\"shortname\", \"fullname\", \"number\", \"name\", \"address\", \"lat\", \"lon\", \"seats\",\r\n\t\t\"type\", \"furniture\", \"href\"];\r\n\tif (anyQuery.TRANSFORMATIONS) {\r\n\t\tlet applyKeys = [];\r\n\t\tfor (let eachKey of anyQuery.TRANSFORMATIONS.APPLY) {\r\n\t\t\tapplyKeys.push(Object.keys(eachKey)[0]);\r\n\t\t}\r\n\t\tfor (const indices in query.COLUMNS) {\r\n\t\t\tlet queryId = query.COLUMNS[indices].split(\"_\")[0];\r\n\t\t\tif (queryId !== id && !applyKeys.includes(query.COLUMNS[indices])) {\r\n\t\t\t\tthrow new InsightError(\"Invalid ID in columns\");\r\n\t\t\t}\r\n\t\t}\r\n\t\tfor (const indices in query.COLUMNS) {\r\n\t\t\tlet queryKey = query.COLUMNS[indices].split(\"_\")[1];\r\n\t\t\tlet boolApply = !applyKeys.includes(query.COLUMNS[indices]);\r\n\t\t\tif (kind === InsightDatasetKind.Sections) {\r\n\t\t\t\tif (validCourseFields.find((element) => element === queryKey) === undefined && boolApply) {\r\n\t\t\t\t\tthrow new InsightError(\"Invalid field in COLUMN (should have sections field)\");\r\n\t\t\t\t}\r\n\t\t\t} else {\r\n\t\t\t\tif (validRoomFields.find((element) => element === queryKey) === undefined && boolApply) {\r\n\t\t\t\t\tthrow new InsightError(\"Invalid keys in COLUMN (should have rooms field)\");\r\n\t\t\t\t}\r\n\t\t\t}\r\n\t\t\t// if (validFields.find((element) => element === queryKey) === undefined && boolApply) {\r\n\t\t\t// \tthrow new InsightError(\"Invalid keys in COLUMNS\");\r\n\t\t\t// }\r\n\t\t}\r\n\t} else {\r\n\t\tfor (const indices in query.COLUMNS) {\r\n\t\t\tif (query.COLUMNS[indices].split(\"_\")[0] !== id) {\r\n\t\t\t\tthrow new InsightError(\"Invalid ID in COLUMNS\");\r\n\t\t\t}\r\n\t\t}\r\n\t\tfor (const indices in query.COLUMNS) {\r\n\t\t\tlet queryKey = query.COLUMNS[indices].split(\"_\")[1];\r\n\t\t\tif (kind === InsightDatasetKind.Sections) {\r\n\t\t\t\tif (validCourseFields.find((element) => element === queryKey) === undefined) {\r\n\t\t\t\t\tthrow new InsightError(\"Invalid field in COLUMN (should have sections field)\");\r\n\t\t\t\t}\r\n\t\t\t} else {\r\n\t\t\t\tif (validRoomFields.find((element) => element === queryKey) === undefined) {\r\n\t\t\t\t\tthrow new InsightError(\"Invalid keys in COLUMN (should have rooms field)\");\r\n\t\t\t\t}\r\n\t\t\t}\r\n\r\n\t\t}\r\n\t}\r\n\treturn;\r\n}\r\nfunction optionController(query: any,data: any,id: string,transformedData: any, anyQuery: any,\r\n\t\t\t\t\t\t  kind: InsightDatasetKind): InsightResult[] {\r\n\tvalidateOption(query, anyQuery, id, kind);\r\n\tlet result: InsightResult[] = [];\r\n\tlet numOfColumnKey = query.COLUMNS.length;\r\n\tif (transformedData && Array.isArray(query.COLUMNS)) {\r\n\t\tlet applyKeys = anyQuery.TRANSFORMATIONS.APPLY.map((eachObject: any) => {\r\n\t\t\treturn Object.keys(eachObject)[0];\r\n\t\t});\r\n\t\tlet groupKeys = anyQuery.TRANSFORMATIONS.GROUP;\r\n\t\tObject.keys(transformedData).forEach((eachKey: string) => {\r\n\t\t\tlet extractInfo: InsightResult = {};\r\n\t\t\tquery.COLUMNS.forEach((eachColumn: string) => {\r\n\t\t\t\tif (applyKeys.includes(eachColumn)) {\r\n\t\t\t\t\textractInfo[eachColumn] = transformedData[eachKey][eachColumn];\r\n\t\t\t\t} else {\r\n\t\t\t\t\tconst field = eachColumn.split(\"_\")[1];\r\n\t\t\t\t\tconst value = transformedData[eachKey].DATA[0][field];\r\n\t\t\t\t\textractInfo[eachColumn] = value;\r\n\t\t\t\t}\r\n\t\t\t});\r\n\t\t\tresult.push(extractInfo);\r\n\t\t});\r\n\t} else {\r\n\t\tfor (let filteredData of data) {\r\n\t\t\tlet extractInfo: InsightResult = {};\r\n\t\t\tfor(let i = 0; i < numOfColumnKey; i++){\r\n\t\t\t\tconst field = query.COLUMNS[i].split(\"_\")[1];\r\n\t\t\t\tconst key = query.COLUMNS[i];\r\n\t\t\t\tconst value = filteredData[field];\r\n\t\t\t\textractInfo[key] = value;\r\n\t\t\t}\r\n\t\t\tresult.push(extractInfo);\r\n\t\t}\r\n\t}\r\n\treturn result;\r\n}\r\n\r\nexport default optionController;\r\n"]},"_coverageSchema":"1a1c01bbd47fc00a2c39e90264f33305004495a9","hash":"adea1260dccd3cc0fded74313a849294d8e6e256","contentHash":"d07a7a335c8c938e543117ba55066fb278d1b110d96a8c196e20aa660a1d0b83"},"C:\\Users\\golde\\project_team184\\src\\controller\\orderController.ts":{"path":"C:\\Users\\golde\\project_team184\\src\\controller\\orderController.ts","statementMap":{"0":{"start":{"line":2,"column":0},"end":{"line":2,"column":62}},"1":{"start":{"line":3,"column":25},"end":{"line":3,"column":52}},"2":{"start":{"line":5,"column":4},"end":{"line":50,"column":5}},"3":{"start":{"line":6,"column":8},"end":{"line":8,"column":9}},"4":{"start":{"line":6,"column":45},"end":{"line":6,"column":71}},"5":{"start":{"line":7,"column":12},"end":{"line":7,"column":84}},"6":{"start":{"line":9,"column":28},"end":{"line":9,"column":97}},"7":{"start":{"line":9,"column":53},"end":{"line":9,"column":95}},"8":{"start":{"line":10,"column":8},"end":{"line":10,"column":27}},"9":{"start":{"line":12,"column":9},"end":{"line":50,"column":5}},"10":{"start":{"line":13,"column":8},"end":{"line":15,"column":9}},"11":{"start":{"line":14,"column":12},"end":{"line":14,"column":69}},"12":{"start":{"line":16,"column":8},"end":{"line":20,"column":9}},"13":{"start":{"line":17,"column":12},"end":{"line":19,"column":13}},"14":{"start":{"line":17,"column":48},"end":{"line":17,"column":63}},"15":{"start":{"line":18,"column":16},"end":{"line":18,"column":83}},"16":{"start":{"line":21,"column":24},"end":{"line":21,"column":25}},"17":{"start":{"line":22,"column":8},"end":{"line":30,"column":9}},"18":{"start":{"line":23,"column":12},"end":{"line":23,"column":26}},"19":{"start":{"line":25,"column":13},"end":{"line":30,"column":9}},"20":{"start":{"line":26,"column":12},"end":{"line":26,"column":27}},"21":{"start":{"line":29,"column":12},"end":{"line":29,"column":73}},"22":{"start":{"line":31,"column":26},"end":{"line":31,"column":32}},"23":{"start":{"line":32,"column":8},"end":{"line":45,"column":11}},"24":{"start":{"line":33,"column":12},"end":{"line":43,"column":13}},"25":{"start":{"line":34,"column":16},"end":{"line":42,"column":17}},"26":{"start":{"line":35,"column":20},"end":{"line":35,"column":37}},"27":{"start":{"line":37,"column":21},"end":{"line":42,"column":17}},"28":{"start":{"line":38,"column":20},"end":{"line":38,"column":42}},"29":{"start":{"line":41,"column":20},"end":{"line":41,"column":29}},"30":{"start":{"line":44,"column":12},"end":{"line":44,"column":21}},"31":{"start":{"line":46,"column":8},"end":{"line":46,"column":27}},"32":{"start":{"line":49,"column":8},"end":{"line":49,"column":70}},"33":{"start":{"line":52,"column":0},"end":{"line":52,"column":34}}},"fnMap":{"0":{"name":"orderController","decl":{"start":{"line":4,"column":9},"end":{"line":4,"column":24}},"loc":{"start":{"line":4,"column":40},"end":{"line":51,"column":1}},"line":4},"1":{"name":"(anonymous_1)","decl":{"start":{"line":6,"column":32},"end":{"line":6,"column":33}},"loc":{"start":{"line":6,"column":45},"end":{"line":6,"column":71}},"line":6},"2":{"name":"(anonymous_2)","decl":{"start":{"line":9,"column":40},"end":{"line":9,"column":41}},"loc":{"start":{"line":9,"column":53},"end":{"line":9,"column":95}},"line":9},"3":{"name":"(anonymous_3)","decl":{"start":{"line":17,"column":35},"end":{"line":17,"column":36}},"loc":{"start":{"line":17,"column":48},"end":{"line":17,"column":63}},"line":17},"4":{"name":"(anonymous_4)","decl":{"start":{"line":32,"column":25},"end":{"line":32,"column":26}},"loc":{"start":{"line":32,"column":37},"end":{"line":45,"column":9}},"line":32}},"branchMap":{"0":{"loc":{"start":{"line":5,"column":4},"end":{"line":50,"column":5}},"type":"if","locations":[{"start":{"line":5,"column":4},"end":{"line":50,"column":5}},{"start":{"line":5,"column":4},"end":{"line":50,"column":5}}],"line":5},"1":{"loc":{"start":{"line":6,"column":8},"end":{"line":8,"column":9}},"type":"if","locations":[{"start":{"line":6,"column":8},"end":{"line":8,"column":9}},{"start":{"line":6,"column":8},"end":{"line":8,"column":9}}],"line":6},"2":{"loc":{"start":{"line":9,"column":53},"end":{"line":9,"column":95}},"type":"cond-expr","locations":[{"start":{"line":9,"column":89},"end":{"line":9,"column":91}},{"start":{"line":9,"column":94},"end":{"line":9,"column":95}}],"line":9},"3":{"loc":{"start":{"line":12,"column":9},"end":{"line":50,"column":5}},"type":"if","locations":[{"start":{"line":12,"column":9},"end":{"line":50,"column":5}},{"start":{"line":12,"column":9},"end":{"line":50,"column":5}}],"line":12},"4":{"loc":{"start":{"line":13,"column":8},"end":{"line":15,"column":9}},"type":"if","locations":[{"start":{"line":13,"column":8},"end":{"line":15,"column":9}},{"start":{"line":13,"column":8},"end":{"line":15,"column":9}}],"line":13},"5":{"loc":{"start":{"line":13,"column":12},"end":{"line":13,"column":90}},"type":"binary-expr","locations":[{"start":{"line":13,"column":12},"end":{"line":13,"column":28}},{"start":{"line":13,"column":32},"end":{"line":13,"column":49}},{"start":{"line":13,"column":53},"end":{"line":13,"column":90}}],"line":13},"6":{"loc":{"start":{"line":17,"column":12},"end":{"line":19,"column":13}},"type":"if","locations":[{"start":{"line":17,"column":12},"end":{"line":19,"column":13}},{"start":{"line":17,"column":12},"end":{"line":19,"column":13}}],"line":17},"7":{"loc":{"start":{"line":22,"column":8},"end":{"line":30,"column":9}},"type":"if","locations":[{"start":{"line":22,"column":8},"end":{"line":30,"column":9}},{"start":{"line":22,"column":8},"end":{"line":30,"column":9}}],"line":22},"8":{"loc":{"start":{"line":25,"column":13},"end":{"line":30,"column":9}},"type":"if","locations":[{"start":{"line":25,"column":13},"end":{"line":30,"column":9}},{"start":{"line":25,"column":13},"end":{"line":30,"column":9}}],"line":25},"9":{"loc":{"start":{"line":34,"column":16},"end":{"line":42,"column":17}},"type":"if","locations":[{"start":{"line":34,"column":16},"end":{"line":42,"column":17}},{"start":{"line":34,"column":16},"end":{"line":42,"column":17}}],"line":34},"10":{"loc":{"start":{"line":37,"column":21},"end":{"line":42,"column":17}},"type":"if","locations":[{"start":{"line":37,"column":21},"end":{"line":42,"column":17}},{"start":{"line":37,"column":21},"end":{"line":42,"column":17}}],"line":37}},"s":{"0":1,"1":1,"2":0,"3":0,"4":0,"5":0,"6":0,"7":0,"8":0,"9":0,"10":0,"11":0,"12":0,"13":0,"14":0,"15":0,"16":0,"17":0,"18":0,"19":0,"20":0,"21":0,"22":0,"23":0,"24":0,"25":0,"26":0,"27":0,"28":0,"29":0,"30":0,"31":0,"32":0,"33":1},"f":{"0":0,"1":0,"2":0,"3":0,"4":0},"b":{"0":[0,0],"1":[0,0],"2":[0,0],"3":[0,0],"4":[0,0],"5":[0,0,0],"6":[0,0],"7":[0,0],"8":[0,0],"9":[0,0],"10":[0,0]},"inputSourceMap":{"version":3,"file":"C:/Users/golde/project_team184/src/controller/orderController.ts","sources":["C:/Users/golde/project_team184/src/controller/orderController.ts"],"names":[],"mappings":";;AAAA,qDAA6D;AAE7D,SAAS,eAAe,CAAC,KAAU,EAAE,MAAuB;IAC3D,IAAI,OAAO,KAAK,CAAC,KAAK,KAAK,QAAQ,EAAE;QACpC,IAAI,CAAC,KAAK,CAAC,OAAO,CAAC,IAAI,CAAC,CAAC,OAAe,EAAE,EAAE,CAAC,OAAO,KAAK,KAAK,CAAC,OAAO,CAAC,CAAC,CAAC,KAAK,SAAS,EAAE;YACxF,MAAM,IAAI,6BAAY,CAAC,8BAA8B,CAAC,CAAC;SACvD;QACD,MAAM,WAAW,GAAG,MAAM,CAAC,IAAI,CAAC,CAAC,EAAiB,EAAE,EAAiB,EAAE,EAAE,CACxE,CAAC,EAAE,CAAC,KAAK,CAAC,KAAK,CAAC,GAAG,EAAE,CAAC,KAAK,CAAC,KAAK,CAAC,CAAC,CAAC,CAAC,CAAC,CAAC,CAAC,CAAC,CAAC,CAAC,CAAC,CAC5C,CAAC;QACF,OAAO,WAAW,CAAC;KACnB;SAAM,IAAI,OAAO,KAAK,CAAC,KAAK,KAAK,QAAQ,EAAE;QAC3C,IAAI,CAAC,KAAK,CAAC,KAAK,CAAC,GAAG,IAAI,CAAC,KAAK,CAAC,KAAK,CAAC,IAAI,IAAI,MAAM,CAAC,IAAI,CAAC,KAAK,CAAC,KAAK,CAAC,CAAC,MAAM,KAAK,CAAC,EAAE;YACnF,MAAM,IAAI,6BAAY,CAAC,eAAe,CAAC,CAAC;SACxC;QACD,KAAK,IAAI,GAAG,IAAI,KAAK,CAAC,KAAK,CAAC,IAAI,EAAE;YACjC,IAAI,KAAK,CAAC,OAAO,CAAC,IAAI,CAAC,CAAC,OAAe,EAAE,EAAE,CAAC,OAAO,KAAK,GAAG,CAAC,KAAK,SAAS,EAAE;gBAC3E,MAAM,IAAI,6BAAY,CAAC,yBAAyB,CAAC,CAAC;aAClD;SACD;QACD,IAAI,SAAS,GAAW,CAAC,CAAC;QAC1B,IAAI,KAAK,CAAC,KAAK,CAAC,GAAG,KAAK,IAAI,EAAE;YAC7B,SAAS,GAAG,CAAC,CAAC;SACd;aAAM,IAAI,KAAK,CAAC,KAAK,CAAC,GAAG,KAAK,MAAM,EAAE;YACtC,SAAS,GAAG,CAAC,CAAC,CAAC;SACf;aAAM;YACN,MAAM,IAAI,6BAAY,CAAC,mBAAmB,CAAC,CAAC;SAC5C;QACD,IAAI,WAAW,GAAoB,MAAM,CAAC;QAC1C,WAAW,CAAC,IAAI,CAAC,CAAC,EAAiB,EAAE,EAAiB,EAAE,EAAE;YACzD,KAAK,IAAI,GAAG,IAAI,KAAK,CAAC,KAAK,CAAC,IAAI,EAAE;gBACjC,IAAI,EAAE,CAAC,GAAG,CAAC,GAAG,EAAE,CAAC,GAAG,CAAC,EAAE;oBACtB,OAAO,SAAS,CAAC;iBACjB;qBAAM,IAAI,EAAE,CAAC,GAAG,CAAC,GAAG,EAAE,CAAC,GAAG,CAAC,EAAE;oBAC7B,OAAO,SAAS,GAAG,CAAC,CAAC,CAAC;iBACtB;qBAAM;oBACN,OAAO,CAAC,CAAC;iBACT;aACD;YACD,OAAO,CAAC,CAAC;QACV,CAAC,CAAC,CAAC;QACH,OAAO,WAAW,CAAC;KACnB;SAAM;QACN,MAAM,IAAI,6BAAY,CAAC,oBAAoB,CAAC,CAAC;KAC7C;AACF,CAAC;AACD,kBAAe,eAAe,CAAC","sourcesContent":["import {InsightError, InsightResult} from \"./IInsightFacade\";\r\n\r\nfunction orderController(query: any, result: InsightResult[]): InsightResult[] {\r\n\tif (typeof query.ORDER === \"string\") {\r\n\t\tif ((query.COLUMNS.find((element: string) => element === query[\"ORDER\"])) === undefined) {\r\n\t\t\tthrow new InsightError(\"ORDER Key must be in Columns\");\r\n\t\t}\r\n\t\tconst sortedArray = result.sort((i1: InsightResult, i2: InsightResult) =>\r\n\t\t\t(i1[query.ORDER] < i2[query.ORDER] ? -1 : 1)\r\n\t\t);\r\n\t\treturn sortedArray;\r\n\t} else if (typeof query.ORDER === \"object\") {\r\n\t\tif (!query.ORDER.dir || !query.ORDER.keys || Object.keys(query.ORDER).length !== 2) {\r\n\t\t\tthrow new InsightError(\"Invalid order\");\r\n\t\t}\r\n\t\tfor (let key of query.ORDER.keys) {\r\n\t\t\tif (query.COLUMNS.find((element: string) => element === key) === undefined) {\r\n\t\t\t\tthrow new InsightError(\"keys must be in columns\");\r\n\t\t\t}\r\n\t\t}\r\n\t\tlet direction: number = 0;\r\n\t\tif (query.ORDER.dir === \"UP\") {\r\n\t\t\tdirection = 1;\r\n\t\t} else if (query.ORDER.dir === \"DOWN\") {\r\n\t\t\tdirection = -1;\r\n\t\t} else {\r\n\t\t\tthrow new InsightError(\"Invalid direction\");\r\n\t\t}\r\n\t\tlet sortedArray: InsightResult[] = result;\r\n\t\tsortedArray.sort((i1: InsightResult, i2: InsightResult) => {\r\n\t\t\tfor (let key of query.ORDER.keys) {\r\n\t\t\t\tif (i1[key] > i2[key]) {\r\n\t\t\t\t\treturn direction;\r\n\t\t\t\t} else if (i1[key] < i2[key]) {\r\n\t\t\t\t\treturn direction * -1;\r\n\t\t\t\t} else {\r\n\t\t\t\t\treturn 0;\r\n\t\t\t\t}\r\n\t\t\t}\r\n\t\t\treturn 0;\r\n\t\t});\r\n\t\treturn sortedArray;\r\n\t} else {\r\n\t\tthrow new InsightError(\"Invalid order type\");\r\n\t}\r\n}\r\nexport default orderController;\r\n"]},"_coverageSchema":"1a1c01bbd47fc00a2c39e90264f33305004495a9","hash":"469465cc7678ecce1c8f9a43bfad5cafc16dbbfa","contentHash":"8b12a8bccaef48328163e6c25f062b90eb5bd1275e1ef9dce360000a35832009"},"C:\\Users\\golde\\project_team184\\src\\controller\\processWhere.ts":{"path":"C:\\Users\\golde\\project_team184\\src\\controller\\proces
[...]
"line":103,"column":20},"end":{"line":103,"column":104}},"69":{"start":{"line":107,"column":13},"end":{"line":126,"column":9}},"70":{"start":{"line":108,"column":12},"end":{"line":108,"column":53}},"71":{"start":{"line":109,"column":12},"end":{"line":114,"column":15}},"72":{"start":{"line":110,"column":29},"end":{"line":110,"column":70}},"73":{"start":{"line":111,"column":16},"end":{"line":113,"column":19}},"74":{"start":{"line":112,"column":20},"end":{"line":112,"column":104}},"75":{"start":{"line":116,"column":13},"end":{"line":126,"column":9}},"76":{"start":{"line":117,"column":12},"end":{"line":117,"column":55}},"77":{"start":{"line":118,"column":12},"end":{"line":122,"column":15}},"78":{"start":{"line":119,"column":16},"end":{"line":121,"column":19}},"79":{"start":{"line":120,"column":20},"end":{"line":120,"column":91}},"80":{"start":{"line":125,"column":12},"end":{"line":125,"column":69}},"81":{"start":{"line":128,"column":4},"end":{"line":128,"column":23}},"82":{"start":{"line":130,"column":0},"end":{"line":130,"column":31}}},"fnMap":{"0":{"name":"(anonymous_0)","decl":{"start":{"line":2,"column":56},"end":{"line":2,"column":57}},"loc":{"start":{"line":2,"column":71},"end":{"line":4,"column":1}},"line":2},"1":{"name":"validateApply","decl":{"start":{"line":8,"column":9},"end":{"line":8,"column":22}},"loc":{"start":{"line":8,"column":40},"end":{"line":26,"column":1}},"line":8},"2":{"name":"(anonymous_2)","decl":{"start":{"line":16,"column":35},"end":{"line":16,"column":36}},"loc":{"start":{"line":16,"column":48},"end":{"line":16,"column":79}},"line":16},"3":{"name":"(anonymous_3)","decl":{"start":{"line":21,"column":33},"end":{"line":21,"column":34}},"loc":{"start":{"line":21,"column":46},"end":{"line":21,"column":77}},"line":21},"4":{"name":"computeAverage","decl":{"start":{"line":27,"column":9},"end":{"line":27,"column":23}},"loc":{"start":{"line":27,"column":64},"end":{"line":36,"column":1}},"line":27},"5":{"name":"computeSum","decl":{"start":{"line":37,"column":9},"end":{"line":37,"column":19}},"loc":{"start":{"line":37,"column":60},"end":{"line":44,"column":1}},"line":37},"6":{"name":"computeMax","decl":{"start":{"line":45,"column":9},"end":{"line":45,"column":19}},"loc":{"start":{"line":45,"column":60},"end":{"line":54,"column":1}},"line":45},"7":{"name":"computeMin","decl":{"start":{"line":55,"column":9},"end":{"line":55,"column":19}},"loc":{"start":{"line":55,"column":60},"end":{"line":64,"column":1}},"line":55},"8":{"name":"hasDuplication","decl":{"start":{"line":65,"column":9},"end":{"line":65,"column":23}},"loc":{"start":{"line":65,"column":31},"end":{"line":74,"column":1}},"line":65},"9":{"name":"processApply","decl":{"start":{"line":75,"column":9},"end":{"line":75,"column":21}},"loc":{"start":{"line":75,"column":52},"end":{"line":129,"column":1}},"line":75},"10":{"name":"(anonymous_10)","decl":{"start":{"line":82,"column":43},"end":{"line":82,"column":44}},"loc":{"start":{"line":82,"column":61},"end":{"line":87,"column":13}},"line":82},"11":{"name":"(anonymous_11)","decl":{"start":{"line":84,"column":49},"end":{"line":84,"column":50}},"loc":{"start":{"line":84,"column":67},"end":{"line":86,"column":17}},"line":84},"12":{"name":"(anonymous_12)","decl":{"start":{"line":91,"column":43},"end":{"line":91,"column":44}},"loc":{"start":{"line":91,"column":61},"end":{"line":96,"column":13}},"line":91},"13":{"name":"(anonymous_13)","decl":{"start":{"line":93,"column":49},"end":{"line":93,"column":50}},"loc":{"start":{"line":93,"column":67},"end":{"line":95,"column":17}},"line":93},"14":{"name":"(anonymous_14)","decl":{"start":{"line":100,"column":43},"end":{"line":100,"column":44}},"loc":{"start":{"line":100,"column":61},"end":{"line":105,"column":13}},"line":100},"15":{"name":"(anonymous_15)","decl":{"start":{"line":102,"column":49},"end":{"line":102,"column":50}},"loc":{"start":{"line":102,"column":67},"end":{"line":104,"column":17}},"line":102},"16":{"name":"(anonymous_16)","decl":{"start":{"line":109,"column":43},"end":{"line":109,"column":44}},"loc":{"start":{"line":109,"column":61},"end":{"line":114,"column":13}},"line":109},"17":{"name":"(anonymous_17)","decl":{"start":{"line":111,"column":49},"end":{"line":111,"column":50}},"loc":{"start":{"line":111,"column":67},"end":{"line":113,"column":17}},"line":111},"18":{"name":"(anonymous_18)","decl":{"start":{"line":118,"column":43},"end":{"line":118,"column":44}},"loc":{"start":{"line":118,"column":61},"end":{"line":122,"column":13}},"line":118},"19":{"name":"(anonymous_19)","decl":{"start":{"line":119,"column":49},"end":{"line":119,"column":50}},"loc":{"start":{"line":119,"column":67},"end":{"line":121,"column":17}},"line":119}},"branchMap":{"0":{"loc":{"start":{"line":2,"column":22},"end":{"line":4,"column":1}},"type":"binary-expr","locations":[{"start":{"line":2,"column":23},"end":{"line":2,"column":27}},{"start":{"line":2,"column":31},"end":{"line":2,"column":51}},{"start":{"line":2,"column":56},"end":{"line":4,"column":1}}],"line":2},"1":{"loc":{"start":{"line":3,"column":11},"end":{"line":3,"column":61}},"type":"cond-expr","locations":[{"start":{"line":3,"column":37},"end":{"line":3,"column":40}},{"start":{"line":3,"column":43},"end":{"line":3,"column":61}}],"line":3},"2":{"loc":{"start":{"line":3,"column":12},"end":{"line":3,"column":33}},"type":"binary-expr","locations":[{"start":{"line":3,"column":12},"end":{"line":3,"column":15}},{"start":{"line":3,"column":19},"end":{"line":3,"column":33}}],"line":3},"3":{"loc":{"start":{"line":12,"column":4},"end":{"line":14,"column":5}},"type":"if","locations":[{"start":{"line":12,"column":4},"end":{"line":14,"column":5}},{"start":{"line":12,"column":4},"end":{"line":14,"column":5}}],"line":12},"4":{"loc":{"start":{"line":15,"column":4},"end":{"line":24,"column":5}},"type":"if","locations":[{"start":{"line":15,"column":4},"end":{"line":24,"column":5}},{"start":{"line":15,"column":4},"end":{"line":24,"column":5}}],"line":15},"5":{"loc":{"start":{"line":16,"column":8},"end":{"line":18,"column":9}},"type":"if","locations":[{"start":{"line":16,"column":8},"end":{"line":18,"column":9}},{"start":{"line":16,"column":8},"end":{"line":18,"column":9}}],"line":16},"6":{"loc":{"start":{"line":21,"column":8},"end":{"line":23,"column":9}},"type":"if","locations":[{"start":{"line":21,"column":8},"end":{"line":23,"column":9}},{"start":{"line":21,"column":8},"end":{"line":23,"column":9}}],"line":21},"7":{"loc":{"start":{"line":49,"column":8},"end":{"line":51,"column":9}},"type":"if","locations":[{"start":{"line":49,"column":8},"end":{"line":51,"column":9}},{"start":{"line":49,"column":8},"end":{"line":51,"column":9}}],"line":49},"8":{"loc":{"start":{"line":59,"column":8},"end":{"line":61,"column":9}},"type":"if","locations":[{"start":{"line":59,"column":8},"end":{"line":61,"column":9}},{"start":{"line":59,"column":8},"end":{"line":61,"column":9}}],"line":59},"9":{"loc":{"start":{"line":70,"column":4},"end":{"line":72,"column":5}},"type":"if","locations":[{"start":{"line":70,"column":4},"end":{"line":72,"column":5}},{"start":{"line":70,"column":4},"end":{"line":72,"column":5}}],"line":70},"10":{"loc":{"start":{"line":80,"column":8},"end":{"line":126,"column":9}},"type":"if","locations":[{"start":{"line":80,"column":8},"end":{"line":126,"column":9}},{"start":{"line":80,"column":8},"end":{"line":126,"column":9}}],"line":80},"11":{"loc":{"start":{"line":89,"column":13},"end":{"line":126,"column":9}},"type":"if","locations":[{"start":{"line":89,"column":13},"end":{"line":126,"column":9}},{"start":{"line":89,"column":13},"end":{"line":126,"column":9}}],"line":89},"12":{"loc":{"start":{"line":98,"column":13},"end":{"line":126,"column":9}},"type":"if","locations":[{"start":{"line":98,"column":13},"end":{"line":126,"column":9}},{"start":{"line":98,"column":13},"end":{"line":126,"column":9}}],"line":98},"13":{"loc":{"start":{"line":107,"column":13},"end":{"line":126,"column":9}},"type":"if","locations":[{"start":{"line":107,"column":13},"end":{"line":126,"column":9}},{"start":{"line":107,"column":13},"end":{"line":126,"column":9}}],"line":107},"14":{"loc":{"start":{"line":116,"column":13},"end":{"line":126,"column":9}},"type":"if","locations":[{"start":{"line":116,"column":13},"end":{"line":126,"column":9}},{"start":{"line":116,"column":13},"end":{"line":126,"column":9}}],"line":116}},"s":{"0":1,"1":1,"2":1,"3":1,"4":1,"5":0,"6":0,"7":0,"8":0,"9":0,"10":0,"11":0,"12":0,"13":0,"14":0,"15":0,"16":0,"17":0,"18":0,"19":0,"20":0,"21":0,"22":0,"23":0,"24":0,"25":0,"26":0,"27":0,"28":0,"29":0,"30":0,"31":0,"32":0,"33":0,"34":0,"35":0,"36":0,"37":0,"38":0,"39":0,"40":0,"41":0,"42":0,"43":0,"44":0,"45":0,"46":0,"47":0,"48":0,"49":0,"50":0,"51":0,"52":0,"53":0,"54":0,"55":0,"56":0,"57":0,"58":0,"59":0,"60":0,"61":0,"62":0,"63":0,"64":0,"65":0,"66":0,"67":0,"68":0,"69":0,"70":0,"71":0,"72":0,"73":0,"74":0,"75":0,"76":0,"77":0,"78":0,"79":0,"80":0,"81":0,"82":1},"f":{"0":1,"1":0,"2":0,"3":0,"4":0,"5":0,"6":0,"7":0,"8":0,"9":0,"10":0,"11":0,"12":0,"13":0,"14":0,"15":0,"16":0,"17":0,"18":0,"19":0},"b":{"0":[1,1,1],"1":[0,1],"2":[1,1],"3":[0,0],"4":[0,0],"5":[0,0],"6":[0,0],"7":[0,0],"8":[0,0],"9":[0,0],"10":[0,0],"11":[0,0],"12":[0,0],"13":[0,0],"14":[0,0]},"inputSourceMap":{"version":3,"file":"C:/Users/golde/project_team184/src/controller/processApply.ts","sources":["C:/Users/golde/project_team184/src/controller/processApply.ts"],"names":[],"mappings":";;;;;AAAA,qDAAkE;AAClE,4DAAiC;AACjC,SAAS,aAAa,CAAE,KAAa,EAAE,EAAU,EAAE,IAAwB;IAC1E,MAAM,iBAAiB,GAAa,CAAC,MAAM,EAAC,IAAI,EAAC,OAAO,EAAC,YAAY,EAAC,MAAM,EAAC,MAAM,EAAC,KAAK,EAAC,MAAM,EAAC,MAAM,EAAC,OAAO,CAAC,CAAC;IACjH,MAAM,eAAe,GAAa,CAAC,WAAW,EAAE,UAAU,EAAE,QAAQ,EAAE,MAAM,EAAE,SAAS,EAAE,KAAK,EAAE,KAAK,EAAE,OAAO;QAC7G,MAAM,EAAE,WAAW,EAAE,MAAM,CAAC,CAAC;IAC9B,IAAI,KAAK,CAAC,KAAK,CAAC,GAAG,CAAC,CAAC,CAAC,CAAC,KAAK,EAAE,EAAE;QAC/B,MAAM,IAAI,6BAAY,CAAC,qBAAqB,CAAC,CAAC;KAC9C;IACD,IAAI,IAAI,KAAK,mCAAkB,CAAC,QAAQ,EAAE;QACzC,IAAI,iBAAiB,CAAC,IAAI,CAAC,CAAC,OAAO,EAAE,EAAE,CAAC,OAAO,KAAK,KAAK,CAAC,KAAK,CAAC,GAAG,CAAC,CAAC,CAAC,CAAC,CAAC,KAAK,SAAS,EAAE;YACvF,MAAM,IAAI,6BAAY,CAAC,qDAAqD,CAAC,CAAC;SAC9E;KACD;SAAM;QACN,IAAI,eAAe,CAAC,IAAI,CAAC,CAAC,OAAO,EAAE,EAAE,CAAC,OAAO,KAAK,KAAK,CAAC,KAAK,CAAC,GAAG,CAAC,CAAC,CAAC,CAAC,CAAC,KAAK,SAAS,EAAE;YACrF,MAAM,IAAI,6BAAY,CAAC,iDAAiD,CAAC,CAAC;SAC1E;KACD;IACD,OAAO;AACR,CAAC;AACD,SAAS,cAAc,CAAE,GAAW,EAAE,YAAoB,EAAE,WAAgB,EAAE,MAAc;IAC3F,IAAI,KAAK,GAAG,WAAW,CAAC,YAAY,CAAC,CAAC,IAAI,CAAC;IAC3C,IAAI,KAAK,GAAG,IAAI,oBAAO,CAAC,CAAC,CAAC,CAAC;IAC3B,KAAK,IAAI,CAAC,IAAI,KAAK,EAAE;QACpB,IAAI,GAAG,GAAG,IAAI,oBAAO,CAAC,CAAC,CAAC,MAAM,CAAC,CAAC,CAAC;QACjC,KAAK,GAAG,KAAK,CAAC,GAAG,CAAC,GAAG,CAAC,CAAC;KACvB;IACD,IAAI,OAAO,GAAG,KAAK,CAAC,QAAQ,EAAE,GAAG,KAAK,CAAC,MAAM,CAAC;IAC9C,OAAO,MAAM,CAAC,OAAO,CAAC,OAAO,CAAC,CAAC,CAAC,CAAC,CAAC;AACnC,CAAC;AACD,SAAS,UAAU,CAAE,GAAW,EAAE,YAAoB,EAAE,WAAgB,EAAE,MAAc;IACvF,IAAI,KAAK,GAAG,WAAW,CAAC,YAAY,CAAC,CAAC,IAAI,CAAC;IAC3C,IAAI,GAAG,GAAG,CAAC,CAAC;IACZ,KAAK,IAAI,CAAC,IAAI,KAAK,EAAE;QACpB,GAAG,IAAI,CAAC,CAAC,MAAM,CAAC,CAAC;KACjB;IACD,OAAO,MAAM,CAAC,GAAG,CAAC,OAAO,CAAC,CAAC,CAAC,CAAC,CAAC;AAC/B,CAAC;AACD,SAAS,UAAU,CAAE,GAAW,EAAE,YAAoB,EAAE,WAAgB,EAAE,MAAc;IACvF,IAAI,KAAK,GAAG,WAAW,CAAC,YAAY,CAAC,CAAC,IAAI,CAAC;IAC3C,IAAI,GAAG,GAAG,MAAM,CAAC,gBAAgB,CAAC;IAClC,KAAK,IAAI,CAAC,IAAI,KAAK,EAAE;QACpB,IAAI,GAAG,GAAG,CAAC,CAAC,MAAM,CAAC,EAAE;YACpB,GAAG,GAAG,CAAC,CAAC,MAAM,CAAC,CAAC;SAChB;KACD;IACD,OAAO,GAAG,CAAC;AACZ,CAAC;AACD,SAAS,UAAU,CAAE,GAAW,EAAE,YAAoB,EAAE,WAAgB,EAAE,MAAc;IACvF,IAAI,KAAK,GAAG,WAAW,CAAC,YAAY,CAAC,CAAC,IAAI,CAAC;IAC3C,IAAI,GAAG,GAAG,MAAM,CAAC,gBAAgB,CAAC;IAClC,KAAK,IAAI,CAAC,IAAI,KAAK,EAAE;QACpB,IAAI,GAAG,GAAG,CAAC,CAAC,MAAM,CAAC,EAAE;YACpB,GAAG,GAAG,CAAC,CAAC,MAAM,CAAC,CAAC;SAChB;KACD;IACD,OAAO,GAAG,CAAC;AACZ,CAAC;AAED,SAAS,cAAc,CAAC,KAAU;IACjC,IAAI,QAAQ,GAAG,IAAI,GAAG,EAAE,CAAC;IACzB,KAAK,IAAI,CAAC,IAAI,KAAK,EAAE;QACpB,QAAQ,CAAC,GAAG,CAAC,MAAM,CAAC,IAAI,CAAC,KAAK,CAAC,CAAC,CAAC,CAAC,CAAC,CAAC,CAAC,CAAC,CAAC;KACvC;IACD,IAAI,QAAQ,CAAC,IAAI,KAAK,KAAK,CAAC,MAAM,EAAE;QACnC,MAAM,IAAI,6BAAY,CAAC,sBAAsB,CAAC,CAAC;KAC/C;IACD,OAAO;AACR,CAAC;AACD,SAAS,YAAY,CAAE,KAAU,EAAE,WAAgB,EAAE,EAAU,EAAE,IAAwB;IACxF,cAAc,CAAC,KAAK,CAAC,CAAC;IACtB,KAAK,IAAI,SAAS,IAAI,KAAK,EAAE;QAC5B,IAAI,GAAG,GAAG,MAAM,CAAC,IAAI,CAAC,SAAS,CAAC,CAAC,CAAC,CAAC,CAAC;QACpC,IAAI,WAAW,GAAG,SAAS,CAAC,GAAG,CAAC,CAAC;QACjC,IAAI,WAAW,CAAC,GAAG,EAAE;YACpB,aAAa,CAAC,WAAW,CAAC,GAAG,EAAE,EAAE,EAAE,IAAI,CAAC,CAAC;YACzC,MAAM,CAAC,IAAI,CAAC,SAAS,CAAC,CAAC,OAAO,CAAC,CAAC,YAAoB,EAAE,EAAE;gBACvD,IAAI,MAAM,GAAG,SAAS,CAAC,YAAY,CAAC,CAAC,GAAG,CAAC,KAAK,CAAC,GAAG,CAAC,CAAC,CAAC,CAAC,CAAC;gBACvD,MAAM,CAAC,IAAI,CAAC,WAAW,CAAC,CAAC,OAAO,CAAC,CAAC,YAAoB,EAAE,EAAE;oBACzD,WAAW,CAAC,YAAY,CAAC,CAAC,GAAG,CAAC,GAAG,cAAc,CAAC,GAAG,EAAE,YAAY,EAAE,WAAW,EAAE,MAAM,CAAC,CAAC;gBACzF,CAAC,CAAC,CAAC;YACJ,CAAC,CAAC,CAAC;SACH;aAAM,IAAI,WAAW,CAAC,GAAG,EAAE;YAC3B,aAAa,CAAC,WAAW,CAAC,GAAG,EAAE,EAAE,EAAE,IAAI,CAAC,CAAC;YACzC,MAAM,CAAC,IAAI,CAAC,SAAS,CAAC,CAAC,OAAO,CAAC,CAAC,YAAoB,EAAE,EAAE;gBACvD,IAAI,MAAM,GAAG,SAAS,CAAC,YAAY,CAAC,CAAC,GAAG,CAAC,KAAK,CAAC,GAAG,CAAC,CAAC,CAAC,CAAC,CAAC;gBACvD,MAAM,CAAC,IAAI,CAAC,WAAW,CAAC,CAAC,OAAO,CAAC,CAAC,YAAoB,EAAE,EAAE;oBACzD,WAAW,CAAC,YAAY,CAAC,CAAC,GAAG,CAAC,GAAG,UAAU,CAAC,GAAG,EAAE,YAAY,EAAE,WAAW,EAAE,MAAM,CAAC,CAAC;gBACrF,CAAC,CAAC,CAAC;YACJ,CAAC,CAAC,CAAC;SACH;aAAM,IAAI,WAAW,CAAC,GAAG,EAAE;YAC3B,aAAa,CAAC,WAAW,CAAC,GAAG,EAAE,EAAE,EAAE,IAAI,CAAC,CAAC;YACzC,MAAM,CAAC,IAAI,CAAC,SAAS,CAAC,CAAC,OAAO,CAAC,CAAC,YAAoB,EAAE,EAAE;gBACvD,IAAI,MAAM,GAAG,SAAS,CAAC,YAAY,CAAC,CAAC,GAAG,CAAC,KAAK,CAAC,GAAG,CAAC,CAAC,CAAC,CAAC,CAAC;gBACvD,MAAM,CAAC,IAAI,CAAC,WAAW,CAAC,CAAC,OAAO,CAAC,CAAC,YAAoB,EAAE,EAAE;oBACzD,WAAW,CAAC,YAAY,CAAC,CAAC,GAAG,CAAC,GAAG,UAAU,CAAC,GAAG,EAAC,YAAY,EAAC,WAAW,EAAC,MAAM,CAAC,CAAC;gBAClF,CAAC,CAAC,CAAC;YACJ,CAAC,CAAC,CAAC;SACH;aAAM,IAAI,WAAW,CAAC,GAAG,EAAE;YAC3B,aAAa,CAAC,WAAW,CAAC,GAAG,EAAE,EAAE,EAAE,IAAI,CAAC,CAAC;YACzC,MAAM,CAAC,IAAI,CAAC,SAAS,CAAC,CAAC,OAAO,CAAC,CAAC,YAAoB,EAAE,EAAE;gBACvD,IAAI,MAAM,GAAG,SAAS,CAAC,YAAY,CAAC,CAAC,GAAG,CAAC,KAAK,CAAC,GAAG,CAAC,CAAC,CAAC,CAAC,CAAC;gBACvD,MAAM,CAAC,IAAI,CAAC,WAAW,CAAC,CAAC,OAAO,CAAC,CAAC,YAAoB,EAAE,EAAE;oBACzD,WAAW,CAAC,YAAY,CAAC,CAAC,GAAG,CAAC,GAAG,UAAU,CAAC,GAAG,EAAC,YAAY,EAAC,WAAW,EAAC,MAAM,CAAC,CAAC;gBAClF,CAAC,CAAC,CAAC;YACJ,CAAC,CAAC,CAAC;SACH;aAAM,IAAI,WAAW,CAAC,KAAK,EAAE;YAC7B,aAAa,CAAC,WAAW,CAAC,KAAK,EAAE,EAAE,EAAE,IAAI,CAAC,CAAC;YAC3C,MAAM,CAAC,IAAI,CAAC,SAAS,CAAC,CAAC,OAAO,CAAC,CAAC,YAAoB,EAAE,EAAE;gBACvD,MAAM,CAAC,IAAI,CAAC,WAAW,CAAC,CAAC,OAAO,CAAC,CAAC,YAAoB,EAAE,EAAE;oBACzD,WAAW,CAAC,YAAY,CAAC,CAAC,GAAG,CAAC,GAAG,WAAW,CAAC,YAAY,CAAC,CAAC,IAAI,CAAC,MAAM,CAAC;gBACxE,CAAC,CAAC,CAAC;YACJ,CAAC,CAAC,CAAC;SACH;aAAM;YACN,MAAM,IAAI,6BAAY,CAAC,eAAe,CAAC,CAAC;SACxC;KACD;IACD,OAAO,WAAW,CAAC;AACpB,CAAC;AAED,kBAAe,YAAY,CAAC","sourcesContent":["import {InsightDatasetKind, InsightError} from \"./IInsightFacade\";\r\nimport Decimal from \"decimal.js\";\r\nfunction validateApply (value: string, id: string, kind: InsightDatasetKind) {\r\n\tconst validCourseFields: string[] = [\"uuid\",\"id\",\"title\",\"instructor\",\"dept\",\"year\",\"avg\",\"pass\",\"fail\",\"audit\"];\r\n\tconst validRoomFields: string[] = [\"shortname\", \"fullname\", \"number\", \"name\", \"address\", \"lat\", \"lon\", \"seats\",\r\n\t\t\"type\", \"furniture\", \"href\"];\r\n\tif (value.split(\"_\")[0] !== id) {\r\n\t\tthrow new InsightError(\"Invalid ID in APPLY\");\r\n\t}\r\n\tif (kind === InsightDatasetKind.Sections) {\r\n\t\tif (validCourseFields.find((element) => element === value.split(\"_\")[1]) === undefined) {\r\n\t\t\tthrow new InsightError(\"Invalid field in APPLY (should have sections field)\");\r\n\t\t}\r\n\t} else {\r\n\t\tif (validRoomFields.find((element) => element === value.split(\"_\")[1]) === undefined) {\r\n\t\t\tthrow new InsightError(\"Invalid keys in APPLY (should have rooms field)\");\r\n\t\t}\r\n\t}\r\n\treturn;\r\n}\r\nfunction computeAverage (key: string, eachGroupKey: string, groupedData: any, avgKey: string): number {\r\n\tlet value = groupedData[eachGroupKey].DATA;\r\n\tlet total = new Decimal(0);\r\n\tfor (let v of value) {\r\n\t\tlet sum = new Decimal(v[avgKey]);\r\n\t\ttotal = total.add(sum);\r\n\t}\r\n\tlet average = total.toNumber() / value.length;\r\n\treturn Number(average.toFixed(2));\r\n}\r\nfunction computeSum (key: string, eachGroupKey: string, groupedData: any, sumKey: string): number {\r\n\tlet value = groupedData[eachGroupKey].DATA;\r\n\tlet sum = 0;\r\n\tfor (let v of value) {\r\n\t\tsum += v[sumKey];\r\n\t}\r\n\treturn Number(sum.toFixed(2));\r\n}\r\nfunction computeMax (key: string, eachGroupKey: string, groupedData: any, maxKey: string): number {\r\n\tlet value = groupedData[eachGroupKey].DATA;\r\n\tlet max = Number.MIN_SAFE_INTEGER;\r\n\tfor (let v of value) {\r\n\t\tif (max < v[maxKey]) {\r\n\t\t\tmax = v[maxKey];\r\n\t\t}\r\n\t}\r\n\treturn max;\r\n}\r\nfunction computeMin (key: string, eachGroupKey: string, groupedData: any, minKey: string): number {\r\n\tlet value = groupedData[eachGroupKey].DATA;\r\n\tlet min = Number.MAX_SAFE_INTEGER;\r\n\tfor (let v of value) {\r\n\t\tif (min > v[minKey]) {\r\n\t\t\tmin = v[minKey];\r\n\t\t}\r\n\t}\r\n\treturn min;\r\n}\r\n\r\nfunction hasDuplication(query: any) {\r\n\tlet applySet = new Set();\r\n\tfor (let i in query) {\r\n\t\tapplySet.add(Object.keys(query[i])[0]);\r\n\t}\r\n\tif (applySet.size !== query.length) {\r\n\t\tthrow new InsightError(\"Duplication in apply\");\r\n\t}\r\n\treturn;\r\n}\r\nfunction processApply (query: any, groupedData: any, id: string, kind: InsightDatasetKind): any {\r\n\thasDuplication(query);\r\n\tfor (let eachQuery of query) {\r\n\t\tlet key = Object.keys(eachQuery)[0];\r\n\t\tlet valueObject = eachQuery[key];\r\n\t\tif (valueObject.AVG) {\r\n\t\t\tvalidateApply(valueObject.AVG, id, kind);\r\n\t\t\tObject.keys(eachQuery).forEach((eachQueryKey: string) => {\r\n\t\t\t\tlet avgKey = eachQuery[eachQueryKey].AVG.split(\"_\")[1];\r\n\t\t\t\tObject.keys(groupedData).forEach((eachGroupKey: string) => {\r\n\t\t\t\t\tgroupedData[eachGroupKey][key] = computeAverage(key, eachGroupKey, groupedData, avgKey);\r\n\t\t\t\t});\r\n\t\t\t});\r\n\t\t} else if (valueObject.SUM) {\r\n\t\t\tvalidateApply(valueObject.SUM, id, kind);\r\n\t\t\tObject.keys(eachQuery).forEach((eachQueryKey: string) => {\r\n\t\t\t\tlet sumKey = eachQuery[eachQueryKey].SUM.split(\"_\")[1];\r\n\t\t\t\tObject.keys(groupedData).forEach((eachGroupKey: string) => {\r\n\t\t\t\t\tgroupedData[eachGroupKey][key] = computeSum(key, eachGroupKey, groupedData, sumKey);\r\n\t\t\t\t});\r\n\t\t\t});\r\n\t\t} else if (valueObject.MAX) {\r\n\t\t\tvalidateApply(valueObject.MAX, id, kind);\r\n\t\t\tObject.keys(eachQuery).forEach((eachQueryKey: string) => {\r\n\t\t\t\tlet maxKey = eachQuery[eachQueryKey].MAX.split(\"_\")[1];\r\n\t\t\t\tObject.keys(groupedData).forEach((eachGroupKey: string) => {\r\n\t\t\t\t\tgroupedData[eachGroupKey][key] = computeMax(key,eachGroupKey,groupedData,maxKey);\r\n\t\t\t\t});\r\n\t\t\t});\r\n\t\t} else if (valueObject.MIN) {\r\n\t\t\tvalidateApply(valueObject.MIN, id, kind);\r\n\t\t\tObject.keys(eachQuery).forEach((eachQueryKey: string) => {\r\n\t\t\t\tlet minKey = eachQuery[eachQueryKey].MIN.split(\"_\")[1];\r\n\t\t\t\tObject.keys(groupedData).forEach((eachGroupKey: string) => {\r\n\t\t\t\t\tgroupedData[eachGroupKey][key] = computeMin(key,eachGroupKey,groupedData,minKey);\r\n\t\t\t\t});\r\n\t\t\t});\r\n\t\t} else if (valueObject.COUNT) {\r\n\t\t\tvalidateApply(valueObject.COUNT, id, kind);\r\n\t\t\tObject.keys(eachQuery).forEach((eachQueryKey: string) => {\r\n\t\t\t\tObject.keys(groupedData).forEach((eachGroupKey: string) => {\r\n\t\t\t\t\tgroupedData[eachGroupKey][key] = groupedData[eachGroupKey].DATA.length;\r\n\t\t\t\t});\r\n\t\t\t});\r\n\t\t} else {\r\n\t\t\tthrow new InsightError(\"Invalid apply\");\r\n\t\t}\r\n\t}\r\n\treturn groupedData;\r\n}\r\n\r\nexport default processApply;\r\n"]},"_coverageSchema":"1a1c01bbd47fc00a2c39e90264f33305004495a9","hash":"8b35db1cef972ce28c9568d21e3fe2b760a41d13","contentHash":"d276f5250e034864be737dafb45983b5077f83c68ef53817ee1504b99b7cd286"}}